2023-07-16 18:58:47,985 [INFO]: 
2023-07-16 18:58:47,985 [ERROR]: 
2023-07-16 18:58:48,095 [INFO]: Reading Data From Excel
2023-07-16 18:58:48,110 [INFO]: Reading Data From Excel
2023-07-16 18:58:48,110 [INFO]: Reading Data From Excel
2023-07-16 18:58:48,126 [INFO]: Reading Data From Excel
2023-07-16 18:58:48,126 [INFO]: Reading Data From Excel
2023-07-16 18:58:48,141 [INFO]: Reading Data From Excel
2023-07-16 18:58:48,141 [INFO]: Reading Data From Excel
2023-07-16 18:58:48,157 [INFO]: Reading Data From Excel
2023-07-16 18:58:48,173 [INFO]: Reading Data From Excel
2023-07-16 18:58:48,188 [INFO]: Reading Data From Excel
2023-07-16 18:58:48,188 [INFO]: Launching Browser
2023-07-16 18:58:49,417 [INFO]: Browser Launched
2023-07-16 18:58:49,417 [INFO]: Maximizing Browser
2023-07-16 18:58:49,538 [INFO]: Browser Maximized
2023-07-16 18:58:49,546 [INFO]: Entering URL
2023-07-16 18:58:52,548 [INFO]: URL Entered
2023-07-16 18:58:52,551 [INFO]: Verifying Title
2023-07-16 18:58:52,558 [INFO]: Title Verified
2023-07-16 18:58:52,558 [INFO]: Clicking Register Link
2023-07-16 18:58:52,558 [INFO]: Verifying Element in DOM
2023-07-16 18:58:53,074 [INFO]: Element Verified
2023-07-16 18:58:53,074 [INFO]: Register Link Clicked
2023-07-16 18:58:53,074 [INFO]: Verifying Title
2023-07-16 18:58:53,082 [INFO]: Title Verified
2023-07-16 18:58:53,082 [INFO]: Clicking Specified Gender
2023-07-16 18:58:53,138 [INFO]: Specified Gender Clicked
2023-07-16 18:58:53,138 [INFO]: Entering First Name
2023-07-16 18:58:53,138 [INFO]: Verifying Element in DOM
2023-07-16 18:58:53,269 [INFO]: Element Verified
2023-07-16 18:58:53,269 [INFO]: First Name Entered
2023-07-16 18:58:53,269 [INFO]: Entering Last Name
2023-07-16 18:58:53,269 [INFO]: Verifying Element in DOM
2023-07-16 18:58:53,385 [INFO]: Element Verified
2023-07-16 18:58:53,386 [INFO]: Last Name Entered
2023-07-16 18:58:53,386 [INFO]: Entering Email
2023-07-16 18:58:53,386 [INFO]: Verifying Element in DOM
2023-07-16 18:58:53,524 [INFO]: Element Verified
2023-07-16 18:58:53,524 [INFO]: Email Entered
2023-07-16 18:58:53,524 [INFO]: Entering Password
2023-07-16 18:58:53,524 [INFO]: Verifying Element in DOM
2023-07-16 18:58:53,616 [INFO]: Element Verified
2023-07-16 18:58:53,616 [INFO]: Password Entered
2023-07-16 18:58:53,616 [INFO]: Entering Confirm Password
2023-07-16 18:58:53,616 [INFO]: Verifying Element in DOM
2023-07-16 18:58:53,706 [INFO]: Element Verified
2023-07-16 18:58:53,706 [INFO]: Confirm Password Entered
2023-07-16 18:58:53,706 [INFO]: Clicking Register Button
2023-07-16 18:58:53,706 [INFO]: Verifying Element in DOM
2023-07-16 18:58:54,300 [INFO]: Element Verified
2023-07-16 18:58:54,300 [INFO]: Register Button Clicked
2023-07-16 18:58:54,300 [INFO]: Verifying Message
2023-07-16 18:58:59,895 [ERROR]: No Message Displayed
2023-07-16 18:58:59,895 [INFO]: Taking Screenshot
2023-07-16 18:59:00,070 [INFO]: Screenshot Captured
2023-07-16 18:59:00,211 [INFO]: Closing Browser
2023-07-16 18:59:02,743 [INFO]: Browser Closed
2023-07-16 18:59:02,743 [INFO]: Launching Browser
2023-07-16 18:59:04,166 [INFO]: Browser Launched
2023-07-16 18:59:04,166 [INFO]: Maximizing Browser
2023-07-16 18:59:04,308 [INFO]: Browser Maximized
2023-07-16 18:59:04,308 [INFO]: Entering URL
2023-07-16 18:59:07,835 [INFO]: URL Entered
2023-07-16 18:59:07,840 [INFO]: Verifying Title
2023-07-16 18:59:07,850 [INFO]: Title Verified
2023-07-16 18:59:07,850 [INFO]: Clicking Login Link
2023-07-16 18:59:07,850 [INFO]: Verifying Element in DOM
2023-07-16 18:59:08,363 [INFO]: Element Verified
2023-07-16 18:59:08,363 [INFO]: Login Link Clicked
2023-07-16 18:59:08,363 [INFO]: Verifying Title
2023-07-16 18:59:08,363 [INFO]: Title Verified
2023-07-16 18:59:08,363 [INFO]: Entering Email
2023-07-16 18:59:08,363 [INFO]: Verifying Element in DOM
2023-07-16 18:59:08,465 [INFO]: Element Verified
2023-07-16 18:59:08,465 [INFO]: Email Entered
2023-07-16 18:59:08,465 [INFO]: Entering Password
2023-07-16 18:59:08,465 [INFO]: Verifying Element in DOM
2023-07-16 18:59:08,562 [INFO]: Element Verified
2023-07-16 18:59:08,562 [INFO]: Password Entered
2023-07-16 18:59:08,562 [INFO]: Clicking Login Button
2023-07-16 18:59:08,562 [INFO]: Verifying Element in DOM
2023-07-16 18:59:09,366 [INFO]: Element Verified
2023-07-16 18:59:09,367 [INFO]: Login Button Clicked
2023-07-16 18:59:09,367 [INFO]: Verifying Title
2023-07-16 18:59:09,375 [INFO]: Title Verified
2023-07-16 18:59:09,391 [INFO]: Mouse Horeing to the Specified Element
2023-07-16 18:59:09,670 [INFO]: Clicking Cell Phones
2023-07-16 18:59:09,670 [INFO]: Verifying Element in DOM
2023-07-16 18:59:10,448 [INFO]: Element Verified
2023-07-16 18:59:10,448 [INFO]: Cell Phones Clicked
2023-07-16 18:59:10,448 [INFO]: Verifying Title
2023-07-16 18:59:10,448 [INFO]: Title Verified
2023-07-16 18:59:10,448 [INFO]: Clicking Smartphones
2023-07-16 18:59:10,448 [INFO]: Verifying Element in DOM
2023-07-16 18:59:13,179 [INFO]: Element Verified
2023-07-16 18:59:13,179 [INFO]: Smartphones Clicked
2023-07-16 18:59:13,179 [INFO]: Verifying Title
2023-07-16 18:59:13,184 [INFO]: Title Verified
2023-07-16 18:59:13,184 [INFO]: Clearing Default Quantity
2023-07-16 18:59:13,184 [INFO]: Verifying Element in DOM
2023-07-16 18:59:13,250 [INFO]: Element Verified
2023-07-16 18:59:13,250 [INFO]: Entering Specified Quantity
2023-07-16 18:59:13,250 [INFO]: Verifying Element in DOM
2023-07-16 18:59:13,326 [INFO]: Element Verified
2023-07-16 18:59:13,326 [INFO]: Specified Quantity Entered
2023-07-16 18:59:13,326 [INFO]: Clicking Add to Cart Button
2023-07-16 18:59:13,326 [INFO]: Verifying Element in DOM
2023-07-16 18:59:13,414 [INFO]: Element Verified
2023-07-16 18:59:13,414 [INFO]: Add to Cart Button Clicked
2023-07-16 18:59:13,415 [INFO]: Verifying Message
2023-07-16 18:59:14,193 [INFO]: Message Verified
2023-07-16 18:59:14,193 [INFO]: Verifying Message
2023-07-16 18:59:14,217 [INFO]: Message Verified
2023-07-16 18:59:14,217 [INFO]: Clicking Shopping Cart Link
2023-07-16 18:59:14,217 [INFO]: Verifying Element in DOM
2023-07-16 18:59:14,888 [INFO]: Element Verified
2023-07-16 18:59:14,889 [INFO]: Shopping Cart Link Clicked
2023-07-16 18:59:14,891 [INFO]: Verifying Title
2023-07-16 18:59:14,906 [INFO]: Title Verified
2023-07-16 18:59:14,907 [INFO]: Clicking Terms and Conditions
2023-07-16 18:59:14,907 [INFO]: Verifying Element in DOM
2023-07-16 18:59:14,999 [INFO]: Element Verified
2023-07-16 18:59:14,999 [INFO]: Terms and Conditions Clicked
2023-07-16 18:59:14,999 [INFO]: Clicking Checkout Button
2023-07-16 18:59:14,999 [INFO]: Verifying Element in DOM
2023-07-16 18:59:16,238 [INFO]: Element Verified
2023-07-16 18:59:16,238 [INFO]: Checkout Button Clicked
2023-07-16 18:59:16,238 [INFO]: Verifying Title
2023-07-16 18:59:16,244 [INFO]: Title Verified
2023-07-16 18:59:16,244 [INFO]: Selecting Country from Drop-Down using Visible text
2023-07-16 18:59:16,322 [INFO]: Country Name Selected from Drop-Down
2023-07-16 18:59:16,322 [INFO]: Entering City Name
2023-07-16 18:59:16,322 [INFO]: Verifying Element in DOM
2023-07-16 18:59:16,425 [INFO]: Element Verified
2023-07-16 18:59:16,425 [INFO]: City Name Entered
2023-07-16 18:59:16,425 [INFO]: Entering Address1
2023-07-16 18:59:16,425 [INFO]: Verifying Element in DOM
2023-07-16 18:59:16,525 [INFO]: Element Verified
2023-07-16 18:59:16,525 [INFO]: Address1 Entered
2023-07-16 18:59:16,526 [INFO]: Entering Zip Code
2023-07-16 18:59:16,526 [INFO]: Verifying Element in DOM
2023-07-16 18:59:16,625 [INFO]: Element Verified
2023-07-16 18:59:16,625 [INFO]: Zip Code Entered
2023-07-16 18:59:16,625 [INFO]: Entering Phone Number
2023-07-16 18:59:16,625 [INFO]: Verifying Element in DOM
2023-07-16 18:59:16,741 [INFO]: Element Verified
2023-07-16 18:59:16,741 [INFO]: Phone Number Entered
2023-07-16 18:59:16,741 [INFO]: Clicking Continue Button
2023-07-16 18:59:16,741 [INFO]: Verifying Element in DOM
2023-07-16 18:59:16,822 [INFO]: Element Verified
2023-07-16 18:59:16,822 [INFO]: Continue Button Clicked
2023-07-16 18:59:16,822 [INFO]: Clicking Continue Button
2023-07-16 18:59:16,822 [INFO]: Verifying Element in DOM
2023-07-16 18:59:21,244 [INFO]: Element Verified
2023-07-16 18:59:21,245 [INFO]: Continue Button Clicked
2023-07-16 18:59:21,245 [INFO]: Clicking Nexy Day Air (0.00) Shipping Method
2023-07-16 18:59:21,245 [INFO]: Verifying Element in DOM
2023-07-16 18:59:21,652 [INFO]: Element Verified
2023-07-16 18:59:21,652 [INFO]: Nexy Day Air (0.00) Shipping Method Clicked
2023-07-16 18:59:21,652 [INFO]: Clicking Continue Button
2023-07-16 18:59:21,652 [INFO]: Verifying Element in DOM
2023-07-16 18:59:21,740 [INFO]: Element Verified
2023-07-16 18:59:21,740 [INFO]: Continue Button Clicked
2023-07-16 18:59:21,740 [INFO]: Clicking Credit Card
2023-07-16 18:59:21,740 [INFO]: Verifying Element in DOM
2023-07-16 18:59:22,079 [INFO]: Element Verified
2023-07-16 18:59:22,079 [INFO]: Credit Card Clicked
2023-07-16 18:59:22,079 [INFO]: Clicking Continue Button
2023-07-16 18:59:22,079 [INFO]: Verifying Element in DOM
2023-07-16 18:59:22,159 [INFO]: Element Verified
2023-07-16 18:59:22,159 [INFO]: Continue Button Clicked
2023-07-16 18:59:22,159 [INFO]: Selecting Mastercard from Drop-Down using Visible text
2023-07-16 18:59:22,532 [INFO]: Mastercard Selected from Drop-Down
2023-07-16 18:59:22,532 [INFO]: Entering Card Holder Name
2023-07-16 18:59:22,532 [INFO]: Verifying Element in DOM
2023-07-16 18:59:22,628 [INFO]: Element Verified
2023-07-16 18:59:22,628 [INFO]: Card Holder Name Entered
2023-07-16 18:59:22,628 [INFO]: Entering Card Number
2023-07-16 18:59:22,628 [INFO]: Verifying Element in DOM
2023-07-16 18:59:22,748 [INFO]: Element Verified
2023-07-16 18:59:22,748 [INFO]: Card Number Entered
2023-07-16 18:59:22,748 [INFO]: Selecting Expiry Month from Drop-Down using Visible text
2023-07-16 18:59:22,827 [INFO]: Expiry Month Selected from Drop-Down
2023-07-16 18:59:22,827 [INFO]: Selecting Expiry Year from Drop-Down using Visible text
2023-07-16 18:59:22,899 [INFO]: Expiry Year Selected from Drop-Down
2023-07-16 18:59:22,899 [INFO]: Entering Card Code
2023-07-16 18:59:22,899 [INFO]: Verifying Element in DOM
2023-07-16 18:59:22,992 [INFO]: Element Verified
2023-07-16 18:59:22,992 [INFO]: Card Code Entered
2023-07-16 18:59:22,992 [INFO]: Clicking Continue Button
2023-07-16 18:59:22,992 [INFO]: Verifying Element in DOM
2023-07-16 18:59:23,078 [INFO]: Element Verified
2023-07-16 18:59:23,078 [INFO]: Continue Button Clicked
2023-07-16 18:59:23,079 [INFO]: Clicking Confirm Button
2023-07-16 18:59:23,079 [INFO]: Verifying Element in DOM
2023-07-16 18:59:23,693 [INFO]: Element Verified
2023-07-16 18:59:23,693 [INFO]: Confirm Button Clicked
2023-07-16 18:59:23,693 [INFO]: Verifying Title
2023-07-16 18:59:23,699 [INFO]: Title Verified
2023-07-16 18:59:23,700 [INFO]: Verifying Message
2023-07-16 18:59:25,241 [INFO]: Message Verified
2023-07-16 18:59:25,258 [INFO]: Verifying Order Number
2023-07-16 18:59:25,271 [INFO]: Order Number Verified
2023-07-16 18:59:25,287 [INFO]: Clicking Logout Link
2023-07-16 18:59:25,287 [INFO]: Verifying Element in DOM
2023-07-16 18:59:26,313 [INFO]: Element Verified
2023-07-16 18:59:26,313 [INFO]: Logout Link Clicked
2023-07-16 18:59:26,313 [INFO]: Verifying Title
2023-07-16 18:59:26,319 [INFO]: Title Verified
2023-07-16 18:59:26,325 [INFO]: Closing Browser
2023-07-16 18:59:28,603 [INFO]: Browser Closed
2023-07-16 18:59:28,618 [INFO]: Launching Browser
2023-07-16 18:59:29,909 [INFO]: Browser Launched
2023-07-16 18:59:29,909 [INFO]: Maximizing Browser
2023-07-16 18:59:30,047 [INFO]: Browser Maximized
2023-07-16 18:59:30,053 [INFO]: Entering URL
2023-07-16 18:59:33,445 [INFO]: URL Entered
2023-07-16 18:59:33,449 [INFO]: Verifying Title
2023-07-16 18:59:33,459 [INFO]: Title Verified
2023-07-16 18:59:33,460 [INFO]: Clicking Login Link
2023-07-16 18:59:33,460 [INFO]: Verifying Element in DOM
2023-07-16 18:59:34,191 [INFO]: Element Verified
2023-07-16 18:59:34,191 [INFO]: Login Link Clicked
2023-07-16 18:59:34,191 [INFO]: Verifying Title
2023-07-16 18:59:34,196 [INFO]: Title Verified
2023-07-16 18:59:34,196 [INFO]: Entering Email
2023-07-16 18:59:34,196 [INFO]: Verifying Element in DOM
2023-07-16 18:59:34,294 [INFO]: Element Verified
2023-07-16 18:59:34,294 [INFO]: Email Entered
2023-07-16 18:59:34,294 [INFO]: Entering Password
2023-07-16 18:59:34,294 [INFO]: Verifying Element in DOM
2023-07-16 18:59:34,391 [INFO]: Element Verified
2023-07-16 18:59:34,391 [INFO]: Password Entered
2023-07-16 18:59:34,391 [INFO]: Clicking Login Button
2023-07-16 18:59:34,391 [INFO]: Verifying Element in DOM
2023-07-16 18:59:35,228 [INFO]: Element Verified
2023-07-16 18:59:35,228 [INFO]: Login Button Clicked
2023-07-16 18:59:35,228 [INFO]: Verifying Title
2023-07-16 18:59:35,234 [INFO]: Title Verified
2023-07-16 18:59:35,264 [INFO]: Scrolling Down to Specified Element
2023-07-16 18:59:35,271 [INFO]: Clicking Orders Link
2023-07-16 18:59:35,271 [INFO]: Verifying Element in DOM
2023-07-16 18:59:35,811 [INFO]: Element Verified
2023-07-16 18:59:35,811 [INFO]: Orders Link Clicked
2023-07-16 18:59:35,811 [INFO]: Verifying Title
2023-07-16 18:59:35,816 [INFO]: Title Verified
2023-07-16 18:59:35,823 [INFO]: Selecting Specified Order Details
2023-07-16 18:59:36,594 [INFO]: Specified Order Selected
2023-07-16 18:59:36,594 [INFO]: Verifying Title
2023-07-16 18:59:36,599 [INFO]: Title Verified
2023-07-16 18:59:36,599 [INFO]: Clicking Download Invoice Button
2023-07-16 18:59:36,599 [INFO]: Verifying Element in DOM
2023-07-16 18:59:37,301 [INFO]: Element Verified
2023-07-16 18:59:37,301 [INFO]: Download Invoice Button Clicked
2023-07-16 18:59:37,303 [INFO]: Verifying Download
2023-07-16 18:59:37,322 [INFO]: Closing Browser
2023-07-16 18:59:39,469 [INFO]: Browser Closed
2023-07-16 18:59:39,469 [INFO]: Launching Browser
2023-07-16 18:59:40,726 [INFO]: Browser Launched
2023-07-16 18:59:40,726 [INFO]: Maximizing Browser
2023-07-16 18:59:40,845 [INFO]: Browser Maximized
2023-07-16 18:59:40,848 [INFO]: Entering URL
2023-07-16 18:59:43,589 [INFO]: URL Entered
2023-07-16 18:59:43,596 [INFO]: Verifying Title
2023-07-16 18:59:43,612 [INFO]: Title Verified
2023-07-16 18:59:43,612 [INFO]: Clicking Login Link
2023-07-16 18:59:43,612 [INFO]: Verifying Element in DOM
2023-07-16 18:59:44,328 [INFO]: Element Verified
2023-07-16 18:59:44,328 [INFO]: Login Link Clicked
2023-07-16 18:59:44,329 [INFO]: Verifying Title
2023-07-16 18:59:44,338 [INFO]: Title Verified
2023-07-16 18:59:44,338 [INFO]: Entering Email
2023-07-16 18:59:44,338 [INFO]: Verifying Element in DOM
2023-07-16 18:59:44,434 [INFO]: Element Verified
2023-07-16 18:59:44,434 [INFO]: Email Entered
2023-07-16 18:59:44,434 [INFO]: Entering Password
2023-07-16 18:59:44,434 [INFO]: Verifying Element in DOM
2023-07-16 18:59:44,530 [INFO]: Element Verified
2023-07-16 18:59:44,530 [INFO]: Password Entered
2023-07-16 18:59:44,530 [INFO]: Clicking Login Button
2023-07-16 18:59:44,530 [INFO]: Verifying Element in DOM
2023-07-16 18:59:45,377 [INFO]: Element Verified
2023-07-16 18:59:45,377 [INFO]: Login Button Clicked
2023-07-16 18:59:45,377 [INFO]: Verifying Title
2023-07-16 18:59:45,389 [INFO]: Title Verified
2023-07-16 18:59:45,415 [INFO]: Scrolling Down to Specified Element
2023-07-16 18:59:45,422 [INFO]: Clicking Orders Link
2023-07-16 18:59:45,422 [INFO]: Verifying Element in DOM
2023-07-16 18:59:45,935 [INFO]: Element Verified
2023-07-16 18:59:45,936 [INFO]: Orders Link Clicked
2023-07-16 18:59:45,936 [INFO]: Verifying Title
2023-07-16 18:59:45,942 [INFO]: Title Verified
2023-07-16 18:59:45,942 [INFO]: Selecting Specified Order Details
2023-07-16 18:59:46,554 [INFO]: Specified Order Selected
2023-07-16 18:59:46,555 [INFO]: Verifying Title
2023-07-16 18:59:46,562 [INFO]: Title Verified
2023-07-16 18:59:46,562 [INFO]: Clicking Smartphone
2023-07-16 18:59:46,562 [INFO]: Verifying Element in DOM
2023-07-16 18:59:49,123 [INFO]: Element Verified
2023-07-16 18:59:49,123 [INFO]: Smartphone Clicked
2023-07-16 18:59:49,123 [INFO]: Verifying Title
2023-07-16 18:59:49,130 [INFO]: Title Verified
2023-07-16 18:59:49,130 [INFO]: Clicking Add Review Link
2023-07-16 18:59:49,130 [INFO]: Verifying Element in DOM
2023-07-16 18:59:55,742 [INFO]: Element Verified
2023-07-16 18:59:55,742 [INFO]: Add Review Link Clicked
2023-07-16 18:59:55,742 [INFO]: Verifying Title
2023-07-16 18:59:55,749 [INFO]: Title Verified
2023-07-16 18:59:55,749 [INFO]: Entering Review Title
2023-07-16 18:59:55,749 [INFO]: Verifying Element in DOM
2023-07-16 18:59:55,931 [INFO]: Element Verified
2023-07-16 18:59:55,931 [INFO]: Review Title Entered
2023-07-16 18:59:55,931 [INFO]: Entering Review Text
2023-07-16 18:59:55,931 [INFO]: Verifying Element in DOM
2023-07-16 18:59:56,143 [INFO]: Element Verified
2023-07-16 18:59:56,143 [INFO]: Review Text Entered
2023-07-16 18:59:56,143 [INFO]: Clicking Specified Rating
2023-07-16 18:59:56,223 [INFO]: Specified Rating Clicked
2023-07-16 18:59:56,223 [INFO]: Clicking Submit Review Button
2023-07-16 18:59:56,223 [INFO]: Verifying Element in DOM
2023-07-16 19:00:02,425 [INFO]: Element Verified
2023-07-16 19:00:02,425 [INFO]: Submit Review Button Clicked
2023-07-16 19:00:02,425 [INFO]: Verifying Title
2023-07-16 19:00:02,431 [INFO]: Title Verified
2023-07-16 19:00:02,491 [INFO]: Verifying Added Review
2023-07-16 19:00:02,491 [INFO]: Verifying Message
2023-07-16 19:00:02,530 [INFO]: Message Verified
2023-07-16 19:00:02,530 [INFO]: Added Review Verified
2023-07-16 19:00:02,530 [INFO]: Clicking Logout Link
2023-07-16 19:00:02,530 [INFO]: Verifying Element in DOM
2023-07-16 19:00:03,592 [INFO]: Element Verified
2023-07-16 19:00:03,593 [INFO]: Logout Link Clicked
2023-07-16 19:00:03,593 [INFO]: Verifying Title
2023-07-16 19:00:03,612 [INFO]: Title Verified
2023-07-16 19:00:03,625 [INFO]: Closing Browser
2023-07-16 19:00:05,819 [INFO]: Browser Closed
2023-07-16 19:00:05,819 [INFO]: Launching Browser
2023-07-16 19:00:07,294 [INFO]: Browser Launched
2023-07-16 19:00:07,294 [INFO]: Maximizing Browser
2023-07-16 19:00:07,411 [INFO]: Browser Maximized
2023-07-16 19:00:07,411 [INFO]: Entering URL
2023-07-16 19:00:10,291 [INFO]: URL Entered
2023-07-16 19:00:10,296 [INFO]: Verifying Title
2023-07-16 19:00:10,305 [INFO]: Title Verified
2023-07-16 19:00:10,306 [INFO]: Clicking Login Link
2023-07-16 19:00:10,306 [INFO]: Verifying Element in DOM
2023-07-16 19:00:10,849 [INFO]: Element Verified
2023-07-16 19:00:10,849 [INFO]: Login Link Clicked
2023-07-16 19:00:10,849 [INFO]: Verifying Title
2023-07-16 19:00:10,855 [INFO]: Title Verified
2023-07-16 19:00:10,855 [INFO]: Entering Email
2023-07-16 19:00:10,855 [INFO]: Verifying Element in DOM
2023-07-16 19:00:10,952 [INFO]: Element Verified
2023-07-16 19:00:10,952 [INFO]: Email Entered
2023-07-16 19:00:10,952 [INFO]: Entering Password
2023-07-16 19:00:10,952 [INFO]: Verifying Element in DOM
2023-07-16 19:00:11,049 [INFO]: Element Verified
2023-07-16 19:00:11,049 [INFO]: Password Entered
2023-07-16 19:00:11,049 [INFO]: Clicking Login Button
2023-07-16 19:00:11,049 [INFO]: Verifying Element in DOM
2023-07-16 19:00:11,856 [INFO]: Element Verified
2023-07-16 19:00:11,856 [INFO]: Login Button Clicked
2023-07-16 19:00:11,856 [INFO]: Verifying Title
2023-07-16 19:00:11,864 [INFO]: Title Verified
2023-07-16 19:00:11,897 [INFO]: Clicking Contact Us Link
2023-07-16 19:00:11,897 [INFO]: Verifying Element in DOM
2023-07-16 19:00:12,413 [INFO]: Element Verified
2023-07-16 19:00:12,413 [INFO]: Contact Us Link Clicked
2023-07-16 19:00:12,413 [INFO]: Verifying Title
2023-07-16 19:00:12,418 [INFO]: Title Verified
2023-07-16 19:00:12,419 [INFO]: Verifying Name in the Name Textfield
2023-07-16 19:00:12,431 [INFO]: Name Verified
2023-07-16 19:00:12,431 [INFO]: Verifying Email in the Email Textfield
2023-07-16 19:00:12,462 [INFO]: Email Verified
2023-07-16 19:00:12,462 [INFO]: Entering Enquiry
2023-07-16 19:00:12,462 [INFO]: Verifying Element in DOM
2023-07-16 19:00:12,613 [INFO]: Element Verified
2023-07-16 19:00:12,613 [INFO]: Enquiry Entered
2023-07-16 19:00:12,613 [INFO]: Clicking Submit Button
2023-07-16 19:00:12,614 [INFO]: Verifying Element in DOM
2023-07-16 19:00:13,071 [INFO]: Element Verified
2023-07-16 19:00:13,071 [INFO]: Submit Button Clicked
2023-07-16 19:00:13,072 [INFO]: Verifying Title
2023-07-16 19:00:13,154 [INFO]: Title Verified
2023-07-16 19:00:13,154 [INFO]: Verifying Message
2023-07-16 19:00:13,178 [INFO]: Message Verified
2023-07-16 19:00:13,178 [INFO]: Clicking Logout Link
2023-07-16 19:00:13,178 [INFO]: Verifying Element in DOM
2023-07-16 19:00:13,923 [INFO]: Element Verified
2023-07-16 19:00:13,923 [INFO]: Logout Link Clicked
2023-07-16 19:00:13,923 [INFO]: Verifying Title
2023-07-16 19:00:13,931 [INFO]: Title Verified
2023-07-16 19:00:13,938 [INFO]: Closing Browser
2023-07-16 19:00:16,093 [INFO]: Browser Closed
