2023-07-16 18:55:36,862 [INFO]: 
2023-07-16 18:55:37,002 [INFO]: Reading Data From Excel
2023-07-16 18:55:37,018 [INFO]: Reading Data From Excel
2023-07-16 18:55:37,033 [INFO]: Reading Data From Excel
2023-07-16 18:55:37,049 [INFO]: Reading Data From Excel
2023-07-16 18:55:37,065 [INFO]: Reading Data From Excel
2023-07-16 18:55:37,065 [INFO]: Reading Data From Excel
2023-07-16 18:55:37,080 [INFO]: Reading Data From Excel
2023-07-16 18:55:37,096 [INFO]: Reading Data From Excel
2023-07-16 18:55:37,112 [INFO]: Reading Data From Excel
2023-07-16 18:55:37,127 [INFO]: Reading Data From Excel
2023-07-16 18:55:37,127 [INFO]: Launching Browser
2023-07-16 18:55:38,574 [INFO]: Browser Launched
2023-07-16 18:55:38,582 [INFO]: Maximizing Browser
2023-07-16 18:55:38,704 [INFO]: Browser Maximized
2023-07-16 18:55:38,704 [INFO]: Entering URL
2023-07-16 18:55:41,429 [INFO]: URL Entered
2023-07-16 18:55:41,433 [INFO]: Verifying Title
2023-07-16 18:55:41,449 [INFO]: Title Verified
2023-07-16 18:55:41,449 [INFO]: Clicking Register Link
2023-07-16 18:55:41,449 [INFO]: Verifying Element in DOM
2023-07-16 18:55:41,999 [INFO]: Element Verified
2023-07-16 18:55:41,999 [INFO]: Register Link Clicked
2023-07-16 18:55:41,999 [INFO]: Verifying Title
2023-07-16 18:55:42,007 [INFO]: Title Verified
2023-07-16 18:55:42,007 [INFO]: Clicking Specified Gender
2023-07-16 18:55:42,065 [INFO]: Specified Gender Clicked
2023-07-16 18:55:42,065 [INFO]: Entering First Name
2023-07-16 18:55:42,065 [INFO]: Verifying Element in DOM
2023-07-16 18:55:42,194 [INFO]: Element Verified
2023-07-16 18:55:42,194 [INFO]: First Name Entered
2023-07-16 18:55:42,194 [INFO]: Entering Last Name
2023-07-16 18:55:42,194 [INFO]: Verifying Element in DOM
2023-07-16 18:55:42,311 [INFO]: Element Verified
2023-07-16 18:55:42,311 [INFO]: Last Name Entered
2023-07-16 18:55:42,311 [INFO]: Entering Email
2023-07-16 18:55:42,311 [INFO]: Verifying Element in DOM
2023-07-16 18:55:42,443 [INFO]: Element Verified
2023-07-16 18:55:42,443 [INFO]: Email Entered
2023-07-16 18:55:42,443 [INFO]: Entering Password
2023-07-16 18:55:42,443 [INFO]: Verifying Element in DOM
2023-07-16 18:55:42,555 [INFO]: Element Verified
2023-07-16 18:55:42,555 [INFO]: Password Entered
2023-07-16 18:55:42,555 [INFO]: Entering Confirm Password
2023-07-16 18:55:42,555 [INFO]: Verifying Element in DOM
2023-07-16 18:55:42,665 [INFO]: Element Verified
2023-07-16 18:55:42,665 [INFO]: Confirm Password Entered
2023-07-16 18:55:42,665 [INFO]: Clicking Register Button
2023-07-16 18:55:42,665 [INFO]: Verifying Element in DOM
2023-07-16 18:55:43,630 [INFO]: Element Verified
2023-07-16 18:55:43,630 [INFO]: Register Button Clicked
2023-07-16 18:55:43,631 [INFO]: Verifying Message
2023-07-16 18:55:43,658 [INFO]: Message Verified
2023-07-16 18:55:43,658 [INFO]: Clicking Continue Button
2023-07-16 18:55:43,659 [INFO]: Verifying Element in DOM
2023-07-16 18:55:44,381 [INFO]: Element Verified
2023-07-16 18:55:44,381 [INFO]: Continue Button Clicked
2023-07-16 18:55:44,382 [INFO]: Verifying Title
2023-07-16 18:55:44,393 [INFO]: Title Verified
2023-07-16 18:55:44,393 [INFO]: Clicking Logout Link
2023-07-16 18:55:44,394 [INFO]: Verifying Element in DOM
2023-07-16 18:55:45,216 [INFO]: Element Verified
2023-07-16 18:55:45,216 [INFO]: Logout Link Clicked
2023-07-16 18:55:45,216 [INFO]: Verifying Title
2023-07-16 18:55:45,229 [INFO]: Title Verified
2023-07-16 18:55:45,230 [INFO]: Clicking Login Link
2023-07-16 18:55:45,230 [INFO]: Verifying Element in DOM
2023-07-16 18:55:45,729 [INFO]: Element Verified
2023-07-16 18:55:45,729 [INFO]: Login Link Clicked
2023-07-16 18:55:45,729 [INFO]: Verifying Title
2023-07-16 18:55:45,735 [INFO]: Title Verified
2023-07-16 18:55:45,735 [INFO]: Entering Email
2023-07-16 18:55:45,735 [INFO]: Verifying Element in DOM
2023-07-16 18:55:45,832 [INFO]: Element Verified
2023-07-16 18:55:45,832 [INFO]: Email Entered
2023-07-16 18:55:45,832 [INFO]: Entering Password
2023-07-16 18:55:45,832 [INFO]: Verifying Element in DOM
2023-07-16 18:55:45,921 [INFO]: Element Verified
2023-07-16 18:55:45,921 [INFO]: Password Entered
2023-07-16 18:55:45,921 [INFO]: Clicking Login Button
2023-07-16 18:55:45,921 [INFO]: Verifying Element in DOM
2023-07-16 18:55:46,713 [INFO]: Element Verified
2023-07-16 18:55:46,713 [INFO]: Login Button Clicked
2023-07-16 18:55:46,713 [INFO]: Verifying Title
2023-07-16 18:55:46,717 [INFO]: Title Verified
2023-07-16 18:55:46,717 [INFO]: Clicking Logout Link
2023-07-16 18:55:46,717 [INFO]: Verifying Element in DOM
2023-07-16 18:55:47,541 [INFO]: Element Verified
2023-07-16 18:55:47,541 [INFO]: Logout Link Clicked
2023-07-16 18:55:47,541 [INFO]: Verifying Title
2023-07-16 18:55:47,552 [INFO]: Title Verified
2023-07-16 18:55:47,555 [INFO]: Closing Browser
2023-07-16 18:55:49,701 [INFO]: Browser Closed
2023-07-16 18:55:49,717 [INFO]: Launching Browser
2023-07-16 18:55:51,054 [INFO]: Browser Launched
2023-07-16 18:55:51,055 [INFO]: Maximizing Browser
2023-07-16 18:55:51,183 [INFO]: Browser Maximized
2023-07-16 18:55:51,183 [INFO]: Entering URL
2023-07-16 18:55:53,785 [INFO]: URL Entered
2023-07-16 18:55:53,788 [INFO]: Verifying Title
2023-07-16 18:55:53,797 [INFO]: Title Verified
2023-07-16 18:55:53,798 [INFO]: Clicking Login Link
2023-07-16 18:55:53,798 [INFO]: Verifying Element in DOM
2023-07-16 18:55:54,359 [INFO]: Element Verified
2023-07-16 18:55:54,359 [INFO]: Login Link Clicked
2023-07-16 18:55:54,359 [INFO]: Verifying Title
2023-07-16 18:55:54,364 [INFO]: Title Verified
2023-07-16 18:55:54,364 [INFO]: Entering Email
2023-07-16 18:55:54,365 [INFO]: Verifying Element in DOM
2023-07-16 18:55:54,463 [INFO]: Element Verified
2023-07-16 18:55:54,463 [INFO]: Email Entered
2023-07-16 18:55:54,463 [INFO]: Entering Password
2023-07-16 18:55:54,463 [INFO]: Verifying Element in DOM
2023-07-16 18:55:54,563 [INFO]: Element Verified
2023-07-16 18:55:54,563 [INFO]: Password Entered
2023-07-16 18:55:54,563 [INFO]: Clicking Login Button
2023-07-16 18:55:54,563 [INFO]: Verifying Element in DOM
2023-07-16 18:55:55,408 [INFO]: Element Verified
2023-07-16 18:55:55,408 [INFO]: Login Button Clicked
2023-07-16 18:55:55,409 [INFO]: Verifying Title
2023-07-16 18:55:55,414 [INFO]: Title Verified
2023-07-16 18:55:55,438 [INFO]: Mouse Horeing to the Specified Element
2023-07-16 18:55:55,708 [INFO]: Clicking Cell Phones
2023-07-16 18:55:55,708 [INFO]: Verifying Element in DOM
2023-07-16 18:55:57,739 [INFO]: Element Verified
2023-07-16 18:55:57,739 [INFO]: Cell Phones Clicked
2023-07-16 18:55:57,739 [INFO]: Verifying Title
2023-07-16 18:55:57,745 [INFO]: Title Verified
2023-07-16 18:55:57,745 [INFO]: Clicking Smartphones
2023-07-16 18:55:57,745 [INFO]: Verifying Element in DOM
2023-07-16 18:56:00,437 [INFO]: Element Verified
2023-07-16 18:56:00,437 [INFO]: Smartphones Clicked
2023-07-16 18:56:00,437 [INFO]: Verifying Title
2023-07-16 18:56:00,443 [INFO]: Title Verified
2023-07-16 18:56:00,443 [INFO]: Clearing Default Quantity
2023-07-16 18:56:00,443 [INFO]: Verifying Element in DOM
2023-07-16 18:56:00,509 [INFO]: Element Verified
2023-07-16 18:56:00,509 [INFO]: Entering Specified Quantity
2023-07-16 18:56:00,509 [INFO]: Verifying Element in DOM
2023-07-16 18:56:00,584 [INFO]: Element Verified
2023-07-16 18:56:00,584 [INFO]: Specified Quantity Entered
2023-07-16 18:56:00,584 [INFO]: Clicking Add to Cart Button
2023-07-16 18:56:00,584 [INFO]: Verifying Element in DOM
2023-07-16 18:56:00,670 [INFO]: Element Verified
2023-07-16 18:56:00,670 [INFO]: Add to Cart Button Clicked
2023-07-16 18:56:00,670 [INFO]: Verifying Message
2023-07-16 18:56:01,186 [INFO]: Message Verified
2023-07-16 18:56:01,187 [INFO]: Verifying Message
2023-07-16 18:56:01,209 [INFO]: Message Verified
2023-07-16 18:56:01,210 [INFO]: Clicking Shopping Cart Link
2023-07-16 18:56:01,210 [INFO]: Verifying Element in DOM
2023-07-16 18:56:01,961 [INFO]: Element Verified
2023-07-16 18:56:01,962 [INFO]: Shopping Cart Link Clicked
2023-07-16 18:56:01,962 [INFO]: Verifying Title
2023-07-16 18:56:01,975 [INFO]: Title Verified
2023-07-16 18:56:01,975 [INFO]: Clicking Terms and Conditions
2023-07-16 18:56:01,975 [INFO]: Verifying Element in DOM
2023-07-16 18:56:02,053 [INFO]: Element Verified
2023-07-16 18:56:02,053 [INFO]: Terms and Conditions Clicked
2023-07-16 18:56:02,053 [INFO]: Clicking Checkout Button
2023-07-16 18:56:02,053 [INFO]: Verifying Element in DOM
2023-07-16 18:56:03,417 [INFO]: Element Verified
2023-07-16 18:56:03,418 [INFO]: Checkout Button Clicked
2023-07-16 18:56:03,418 [INFO]: Verifying Title
2023-07-16 18:56:03,425 [INFO]: Title Verified
2023-07-16 18:56:03,425 [INFO]: Selecting Country from Drop-Down using Visible text
2023-07-16 18:56:03,497 [INFO]: Country Name Selected from Drop-Down
2023-07-16 18:56:03,497 [INFO]: Entering City Name
2023-07-16 18:56:03,498 [INFO]: Verifying Element in DOM
2023-07-16 18:56:03,602 [INFO]: Element Verified
2023-07-16 18:56:03,602 [INFO]: City Name Entered
2023-07-16 18:56:03,602 [INFO]: Entering Address1
2023-07-16 18:56:03,602 [INFO]: Verifying Element in DOM
2023-07-16 18:56:03,700 [INFO]: Element Verified
2023-07-16 18:56:03,700 [INFO]: Address1 Entered
2023-07-16 18:56:03,700 [INFO]: Entering Zip Code
2023-07-16 18:56:03,700 [INFO]: Verifying Element in DOM
2023-07-16 18:56:03,800 [INFO]: Element Verified
2023-07-16 18:56:03,800 [INFO]: Zip Code Entered
2023-07-16 18:56:03,800 [INFO]: Entering Phone Number
2023-07-16 18:56:03,800 [INFO]: Verifying Element in DOM
2023-07-16 18:56:03,915 [INFO]: Element Verified
2023-07-16 18:56:03,915 [INFO]: Phone Number Entered
2023-07-16 18:56:03,915 [INFO]: Clicking Continue Button
2023-07-16 18:56:03,915 [INFO]: Verifying Element in DOM
2023-07-16 18:56:03,994 [INFO]: Element Verified
2023-07-16 18:56:03,994 [INFO]: Continue Button Clicked
2023-07-16 18:56:03,994 [INFO]: Clicking Continue Button
2023-07-16 18:56:03,994 [INFO]: Verifying Element in DOM
2023-07-16 18:56:05,164 [INFO]: Element Verified
2023-07-16 18:56:05,164 [INFO]: Continue Button Clicked
2023-07-16 18:56:05,164 [INFO]: Clicking Nexy Day Air (0.00) Shipping Method
2023-07-16 18:56:05,164 [INFO]: Verifying Element in DOM
2023-07-16 18:56:05,718 [INFO]: Element Verified
2023-07-16 18:56:05,718 [INFO]: Nexy Day Air (0.00) Shipping Method Clicked
2023-07-16 18:56:05,718 [INFO]: Clicking Continue Button
2023-07-16 18:56:05,718 [INFO]: Verifying Element in DOM
2023-07-16 18:56:05,789 [INFO]: Element Verified
2023-07-16 18:56:05,789 [INFO]: Continue Button Clicked
2023-07-16 18:56:05,789 [INFO]: Clicking Credit Card
2023-07-16 18:56:05,789 [INFO]: Verifying Element in DOM
2023-07-16 18:56:06,162 [INFO]: Element Verified
2023-07-16 18:56:06,162 [INFO]: Credit Card Clicked
2023-07-16 18:56:06,162 [INFO]: Clicking Continue Button
2023-07-16 18:56:06,162 [INFO]: Verifying Element in DOM
2023-07-16 18:56:06,234 [INFO]: Element Verified
2023-07-16 18:56:06,234 [INFO]: Continue Button Clicked
2023-07-16 18:56:06,234 [INFO]: Selecting Mastercard from Drop-Down using Visible text
2023-07-16 18:56:06,620 [INFO]: Mastercard Selected from Drop-Down
2023-07-16 18:56:06,620 [INFO]: Entering Card Holder Name
2023-07-16 18:56:06,620 [INFO]: Verifying Element in DOM
2023-07-16 18:56:06,708 [INFO]: Element Verified
2023-07-16 18:56:06,708 [INFO]: Card Holder Name Entered
2023-07-16 18:56:06,708 [INFO]: Entering Card Number
2023-07-16 18:56:06,708 [INFO]: Verifying Element in DOM
2023-07-16 18:56:06,818 [INFO]: Element Verified
2023-07-16 18:56:06,818 [INFO]: Card Number Entered
2023-07-16 18:56:06,818 [INFO]: Selecting Expiry Month from Drop-Down using Visible text
2023-07-16 18:56:06,891 [INFO]: Expiry Month Selected from Drop-Down
2023-07-16 18:56:06,891 [INFO]: Selecting Expiry Year from Drop-Down using Visible text
2023-07-16 18:56:06,956 [INFO]: Expiry Year Selected from Drop-Down
2023-07-16 18:56:06,956 [INFO]: Entering Card Code
2023-07-16 18:56:06,956 [INFO]: Verifying Element in DOM
2023-07-16 18:56:07,042 [INFO]: Element Verified
2023-07-16 18:56:07,047 [INFO]: Card Code Entered
2023-07-16 18:56:07,047 [INFO]: Clicking Continue Button
2023-07-16 18:56:07,047 [INFO]: Verifying Element in DOM
2023-07-16 18:56:07,128 [INFO]: Element Verified
2023-07-16 18:56:07,129 [INFO]: Continue Button Clicked
2023-07-16 18:56:07,129 [INFO]: Clicking Confirm Button
2023-07-16 18:56:07,129 [INFO]: Verifying Element in DOM
2023-07-16 18:56:07,738 [INFO]: Element Verified
2023-07-16 18:56:07,739 [INFO]: Confirm Button Clicked
2023-07-16 18:56:07,739 [INFO]: Verifying Title
2023-07-16 18:56:07,746 [INFO]: Title Verified
2023-07-16 18:56:07,746 [INFO]: Verifying Message
2023-07-16 18:56:10,773 [INFO]: Message Verified
2023-07-16 18:56:10,786 [INFO]: Verifying Order Number
2023-07-16 18:56:10,798 [INFO]: Order Number Verified
2023-07-16 18:56:10,813 [INFO]: Clicking Logout Link
2023-07-16 18:56:10,813 [INFO]: Verifying Element in DOM
2023-07-16 18:56:11,944 [INFO]: Element Verified
2023-07-16 18:56:11,944 [INFO]: Logout Link Clicked
2023-07-16 18:56:11,944 [INFO]: Verifying Title
2023-07-16 18:56:11,957 [INFO]: Title Verified
2023-07-16 18:56:11,965 [INFO]: Closing Browser
2023-07-16 18:56:14,252 [INFO]: Browser Closed
2023-07-16 18:56:14,252 [INFO]: Launching Browser
2023-07-16 18:56:15,545 [INFO]: Browser Launched
2023-07-16 18:56:15,545 [INFO]: Maximizing Browser
2023-07-16 18:56:15,675 [INFO]: Browser Maximized
2023-07-16 18:56:15,679 [INFO]: Entering URL
2023-07-16 18:56:22,376 [INFO]: URL Entered
2023-07-16 18:56:22,379 [INFO]: Verifying Title
2023-07-16 18:56:22,389 [INFO]: Title Verified
2023-07-16 18:56:22,389 [INFO]: Clicking Login Link
2023-07-16 18:56:22,390 [INFO]: Verifying Element in DOM
2023-07-16 18:56:22,934 [INFO]: Element Verified
2023-07-16 18:56:22,934 [INFO]: Login Link Clicked
2023-07-16 18:56:22,934 [INFO]: Verifying Title
2023-07-16 18:56:22,938 [INFO]: Title Verified
2023-07-16 18:56:22,939 [INFO]: Entering Email
2023-07-16 18:56:22,939 [INFO]: Verifying Element in DOM
2023-07-16 18:56:23,039 [INFO]: Element Verified
2023-07-16 18:56:23,039 [INFO]: Email Entered
2023-07-16 18:56:23,039 [INFO]: Entering Password
2023-07-16 18:56:23,039 [INFO]: Verifying Element in DOM
2023-07-16 18:56:23,141 [INFO]: Element Verified
2023-07-16 18:56:23,141 [INFO]: Password Entered
2023-07-16 18:56:23,141 [INFO]: Clicking Login Button
2023-07-16 18:56:23,141 [INFO]: Verifying Element in DOM
2023-07-16 18:56:24,106 [INFO]: Element Verified
2023-07-16 18:56:24,106 [INFO]: Login Button Clicked
2023-07-16 18:56:24,106 [INFO]: Verifying Title
2023-07-16 18:56:24,116 [INFO]: Title Verified
2023-07-16 18:56:24,147 [INFO]: Scrolling Down to Specified Element
2023-07-16 18:56:24,152 [INFO]: Clicking Orders Link
2023-07-16 18:56:24,152 [INFO]: Verifying Element in DOM
2023-07-16 18:56:24,666 [INFO]: Element Verified
2023-07-16 18:56:24,666 [INFO]: Orders Link Clicked
2023-07-16 18:56:24,666 [INFO]: Verifying Title
2023-07-16 18:56:24,671 [INFO]: Title Verified
2023-07-16 18:56:24,676 [INFO]: Selecting Specified Order Details
2023-07-16 18:56:25,298 [INFO]: Specified Order Selected
2023-07-16 18:56:25,299 [INFO]: Verifying Title
2023-07-16 18:56:25,306 [INFO]: Title Verified
2023-07-16 18:56:25,306 [INFO]: Clicking Download Invoice Button
2023-07-16 18:56:25,306 [INFO]: Verifying Element in DOM
2023-07-16 18:56:25,844 [INFO]: Element Verified
2023-07-16 18:56:25,844 [INFO]: Download Invoice Button Clicked
2023-07-16 18:56:25,844 [INFO]: Verifying Download
2023-07-16 18:56:26,080 [INFO]: Closing Browser
2023-07-16 18:56:28,266 [INFO]: Browser Closed
2023-07-16 18:56:28,266 [INFO]: Launching Browser
2023-07-16 18:56:29,590 [INFO]: Browser Launched
2023-07-16 18:56:29,590 [INFO]: Maximizing Browser
2023-07-16 18:56:29,708 [INFO]: Browser Maximized
2023-07-16 18:56:29,708 [INFO]: Entering URL
2023-07-16 18:56:33,082 [INFO]: URL Entered
2023-07-16 18:56:33,086 [INFO]: Verifying Title
2023-07-16 18:56:33,094 [INFO]: Title Verified
2023-07-16 18:56:33,094 [INFO]: Clicking Login Link
2023-07-16 18:56:33,095 [INFO]: Verifying Element in DOM
2023-07-16 18:56:33,859 [INFO]: Element Verified
2023-07-16 18:56:33,859 [INFO]: Login Link Clicked
2023-07-16 18:56:33,860 [INFO]: Verifying Title
2023-07-16 18:56:33,878 [INFO]: Title Verified
2023-07-16 18:56:33,878 [INFO]: Entering Email
2023-07-16 18:56:33,879 [INFO]: Verifying Element in DOM
2023-07-16 18:56:34,007 [INFO]: Element Verified
2023-07-16 18:56:34,007 [INFO]: Email Entered
2023-07-16 18:56:34,008 [INFO]: Entering Password
2023-07-16 18:56:34,008 [INFO]: Verifying Element in DOM
2023-07-16 18:56:34,105 [INFO]: Element Verified
2023-07-16 18:56:34,105 [INFO]: Password Entered
2023-07-16 18:56:34,105 [INFO]: Clicking Login Button
2023-07-16 18:56:34,105 [INFO]: Verifying Element in DOM
2023-07-16 18:56:34,905 [INFO]: Element Verified
2023-07-16 18:56:34,906 [INFO]: Login Button Clicked
2023-07-16 18:56:34,906 [INFO]: Verifying Title
2023-07-16 18:56:34,917 [INFO]: Title Verified
2023-07-16 18:56:34,948 [INFO]: Scrolling Down to Specified Element
2023-07-16 18:56:34,953 [INFO]: Clicking Orders Link
2023-07-16 18:56:34,953 [INFO]: Verifying Element in DOM
2023-07-16 18:56:35,478 [INFO]: Element Verified
2023-07-16 18:56:35,478 [INFO]: Orders Link Clicked
2023-07-16 18:56:35,478 [INFO]: Verifying Title
2023-07-16 18:56:35,485 [INFO]: Title Verified
2023-07-16 18:56:35,485 [INFO]: Selecting Specified Order Details
2023-07-16 18:56:36,086 [INFO]: Specified Order Selected
2023-07-16 18:56:36,086 [INFO]: Verifying Title
2023-07-16 18:56:36,092 [INFO]: Title Verified
2023-07-16 18:56:36,092 [INFO]: Clicking Smartphone
2023-07-16 18:56:36,092 [INFO]: Verifying Element in DOM
2023-07-16 18:56:38,011 [INFO]: Element Verified
2023-07-16 18:56:38,011 [INFO]: Smartphone Clicked
2023-07-16 18:56:38,011 [INFO]: Verifying Title
2023-07-16 18:56:38,016 [INFO]: Title Verified
2023-07-16 18:56:38,016 [INFO]: Clicking Add Review Link
2023-07-16 18:56:38,016 [INFO]: Verifying Element in DOM
2023-07-16 18:56:46,737 [INFO]: Element Verified
2023-07-16 18:56:46,737 [INFO]: Add Review Link Clicked
2023-07-16 18:56:46,737 [INFO]: Verifying Title
2023-07-16 18:56:46,745 [INFO]: Title Verified
2023-07-16 18:56:46,745 [INFO]: Entering Review Title
2023-07-16 18:56:46,745 [INFO]: Verifying Element in DOM
2023-07-16 18:56:46,957 [INFO]: Element Verified
2023-07-16 18:56:46,957 [INFO]: Review Title Entered
2023-07-16 18:56:46,957 [INFO]: Entering Review Text
2023-07-16 18:56:46,957 [INFO]: Verifying Element in DOM
2023-07-16 18:56:47,165 [INFO]: Element Verified
2023-07-16 18:56:47,165 [INFO]: Review Text Entered
2023-07-16 18:56:47,165 [INFO]: Clicking Specified Rating
2023-07-16 18:56:47,273 [INFO]: Specified Rating Clicked
2023-07-16 18:56:47,273 [INFO]: Clicking Submit Review Button
2023-07-16 18:56:47,273 [INFO]: Verifying Element in DOM
2023-07-16 18:56:53,215 [INFO]: Element Verified
2023-07-16 18:56:53,215 [INFO]: Submit Review Button Clicked
2023-07-16 18:56:53,215 [INFO]: Verifying Title
2023-07-16 18:56:53,221 [INFO]: Title Verified
2023-07-16 18:56:53,290 [INFO]: Verifying Added Review
2023-07-16 18:56:53,290 [INFO]: Verifying Message
2023-07-16 18:56:53,321 [INFO]: Message Verified
2023-07-16 18:56:53,321 [INFO]: Added Review Verified
2023-07-16 18:56:53,321 [INFO]: Clicking Logout Link
2023-07-16 18:56:53,321 [INFO]: Verifying Element in DOM
2023-07-16 18:56:54,377 [INFO]: Element Verified
2023-07-16 18:56:54,378 [INFO]: Logout Link Clicked
2023-07-16 18:56:54,378 [INFO]: Verifying Title
2023-07-16 18:56:54,388 [INFO]: Title Verified
2023-07-16 18:56:54,397 [INFO]: Closing Browser
2023-07-16 18:56:56,607 [INFO]: Browser Closed
2023-07-16 18:56:56,607 [INFO]: Launching Browser
2023-07-16 18:56:57,938 [INFO]: Browser Launched
2023-07-16 18:56:57,938 [INFO]: Maximizing Browser
2023-07-16 18:56:58,059 [INFO]: Browser Maximized
2023-07-16 18:56:58,064 [INFO]: Entering URL
2023-07-16 18:57:00,882 [INFO]: URL Entered
2023-07-16 18:57:00,887 [INFO]: Verifying Title
2023-07-16 18:57:00,896 [INFO]: Title Verified
2023-07-16 18:57:00,896 [INFO]: Clicking Login Link
2023-07-16 18:57:00,896 [INFO]: Verifying Element in DOM
2023-07-16 18:57:01,414 [INFO]: Element Verified
2023-07-16 18:57:01,414 [INFO]: Login Link Clicked
2023-07-16 18:57:01,414 [INFO]: Verifying Title
2023-07-16 18:57:01,421 [INFO]: Title Verified
2023-07-16 18:57:01,421 [INFO]: Entering Email
2023-07-16 18:57:01,421 [INFO]: Verifying Element in DOM
2023-07-16 18:57:01,525 [INFO]: Element Verified
2023-07-16 18:57:01,526 [INFO]: Email Entered
2023-07-16 18:57:01,526 [INFO]: Entering Password
2023-07-16 18:57:01,526 [INFO]: Verifying Element in DOM
2023-07-16 18:57:01,626 [INFO]: Element Verified
2023-07-16 18:57:01,626 [INFO]: Password Entered
2023-07-16 18:57:01,626 [INFO]: Clicking Login Button
2023-07-16 18:57:01,626 [INFO]: Verifying Element in DOM
2023-07-16 18:57:02,399 [INFO]: Element Verified
2023-07-16 18:57:02,399 [INFO]: Login Button Clicked
2023-07-16 18:57:02,399 [INFO]: Verifying Title
2023-07-16 18:57:02,410 [INFO]: Title Verified
2023-07-16 18:57:02,445 [INFO]: Clicking Contact Us Link
2023-07-16 18:57:02,445 [INFO]: Verifying Element in DOM
2023-07-16 18:57:02,980 [INFO]: Element Verified
2023-07-16 18:57:02,980 [INFO]: Contact Us Link Clicked
2023-07-16 18:57:02,980 [INFO]: Verifying Title
2023-07-16 18:57:02,986 [INFO]: Title Verified
2023-07-16 18:57:02,986 [INFO]: Verifying Name in the Name Textfield
2023-07-16 18:57:02,999 [INFO]: Name Verified
2023-07-16 18:57:02,999 [INFO]: Verifying Email in the Email Textfield
2023-07-16 18:57:03,015 [INFO]: Email Verified
2023-07-16 18:57:03,015 [INFO]: Entering Enquiry
2023-07-16 18:57:03,015 [INFO]: Verifying Element in DOM
2023-07-16 18:57:03,197 [INFO]: Element Verified
2023-07-16 18:57:03,197 [INFO]: Enquiry Entered
2023-07-16 18:57:03,197 [INFO]: Clicking Submit Button
2023-07-16 18:57:03,198 [INFO]: Verifying Element in DOM
2023-07-16 18:57:03,648 [INFO]: Element Verified
2023-07-16 18:57:03,649 [INFO]: Submit Button Clicked
2023-07-16 18:57:03,649 [INFO]: Verifying Title
2023-07-16 18:57:03,710 [INFO]: Title Verified
2023-07-16 18:57:03,710 [INFO]: Verifying Message
2023-07-16 18:57:03,735 [INFO]: Message Verified
2023-07-16 18:57:03,735 [INFO]: Clicking Logout Link
2023-07-16 18:57:03,735 [INFO]: Verifying Element in DOM
2023-07-16 18:57:04,533 [INFO]: Element Verified
2023-07-16 18:57:04,534 [INFO]: Logout Link Clicked
2023-07-16 18:57:04,534 [INFO]: Verifying Title
2023-07-16 18:57:04,544 [INFO]: Title Verified
2023-07-16 18:57:04,550 [INFO]: Closing Browser
2023-07-16 18:57:06,736 [INFO]: Browser Closed
