2023-07-16 20:56:35,805 [INFO]: 
2023-07-16 20:56:35,805 [ERROR]: 
2023-07-16 20:56:35,914 [INFO]: Reading Data From Excel
2023-07-16 20:56:35,914 [INFO]: Reading Data From Excel
2023-07-16 20:56:35,930 [INFO]: Reading Data From Excel
2023-07-16 20:56:35,930 [INFO]: Reading Data From Excel
2023-07-16 20:56:35,930 [INFO]: Reading Data From Excel
2023-07-16 20:56:35,945 [INFO]: Reading Data From Excel
2023-07-16 20:56:35,945 [INFO]: Reading Data From Excel
2023-07-16 20:56:35,961 [INFO]: Reading Data From Excel
2023-07-16 20:56:35,961 [INFO]: Reading Data From Excel
2023-07-16 20:56:35,976 [INFO]: Reading Data From Excel
2023-07-16 20:56:35,976 [INFO]: Reading Data From Excel
2023-07-16 20:56:35,976 [INFO]: Reading Data From Excel
2023-07-16 20:56:35,992 [INFO]: Reading Data From Excel
2023-07-16 20:56:36,008 [INFO]: Reading Data From Excel
2023-07-16 20:56:36,008 [INFO]: Reading Data From Excel
2023-07-16 20:56:36,008 [INFO]: Reading Data From Excel
2023-07-16 20:56:36,008 [INFO]: Reading Data From Excel
2023-07-16 20:56:36,023 [INFO]: Reading Data From Excel
2023-07-16 20:56:36,023 [INFO]: Reading Data From Excel
2023-07-16 20:56:36,023 [INFO]: Reading Data From Excel
2023-07-16 20:56:36,023 [INFO]: Reading Data From Excel
2023-07-16 20:56:36,039 [INFO]: Reading Data From Excel
2023-07-16 20:56:36,039 [INFO]: Reading Data From Excel
2023-07-16 20:56:36,039 [INFO]: Reading Data From Excel
2023-07-16 20:56:36,055 [INFO]: Reading Data From Excel
2023-07-16 20:56:36,055 [INFO]: Launching Browser
2023-07-16 20:56:37,278 [INFO]: Browser Launched
2023-07-16 20:56:37,279 [INFO]: Maximizing Browser
2023-07-16 20:56:37,406 [INFO]: Browser Maximized
2023-07-16 20:56:37,406 [INFO]: Entering URL
2023-07-16 20:56:40,126 [INFO]: URL Entered
2023-07-16 20:56:40,129 [INFO]: Verifying Title
2023-07-16 20:56:40,146 [INFO]: Title Verified
2023-07-16 20:56:40,147 [INFO]: Clicking Register Link
2023-07-16 20:56:40,147 [INFO]: Verifying Element in DOM
2023-07-16 20:56:41,002 [INFO]: Element Verified
2023-07-16 20:56:41,002 [INFO]: Register Link Clicked
2023-07-16 20:56:41,002 [INFO]: Verifying Title
2023-07-16 20:56:41,010 [INFO]: Title Verified
2023-07-16 20:56:41,010 [INFO]: Clicking Specified Gender
2023-07-16 20:56:41,069 [INFO]: Specified Gender Clicked
2023-07-16 20:56:41,069 [INFO]: Entering First Name
2023-07-16 20:56:41,069 [INFO]: Verifying Element in DOM
2023-07-16 20:56:41,150 [INFO]: Element Verified
2023-07-16 20:56:41,150 [INFO]: First Name Entered
2023-07-16 20:56:41,150 [INFO]: Entering Last Name
2023-07-16 20:56:41,150 [INFO]: Verifying Element in DOM
2023-07-16 20:56:41,231 [INFO]: Element Verified
2023-07-16 20:56:41,231 [INFO]: Last Name Entered
2023-07-16 20:56:41,231 [INFO]: Entering Email
2023-07-16 20:56:41,231 [INFO]: Verifying Element in DOM
2023-07-16 20:56:41,342 [INFO]: Element Verified
2023-07-16 20:56:41,342 [INFO]: Email Entered
2023-07-16 20:56:41,342 [INFO]: Entering Password
2023-07-16 20:56:41,342 [INFO]: Verifying Element in DOM
2023-07-16 20:56:41,437 [INFO]: Element Verified
2023-07-16 20:56:41,437 [INFO]: Password Entered
2023-07-16 20:56:41,437 [INFO]: Entering Confirm Password
2023-07-16 20:56:41,437 [INFO]: Verifying Element in DOM
2023-07-16 20:56:41,520 [INFO]: Element Verified
2023-07-16 20:56:41,520 [INFO]: Confirm Password Entered
2023-07-16 20:56:41,520 [INFO]: Clicking Register Button
2023-07-16 20:56:41,520 [INFO]: Verifying Element in DOM
2023-07-16 20:56:42,470 [INFO]: Element Verified
2023-07-16 20:56:42,470 [INFO]: Register Button Clicked
2023-07-16 20:56:42,470 [INFO]: Verifying Message
2023-07-16 20:56:42,500 [INFO]: Message Verified
2023-07-16 20:56:42,500 [INFO]: Clicking Continue Button
2023-07-16 20:56:42,500 [INFO]: Verifying Element in DOM
2023-07-16 20:56:42,995 [INFO]: Element Verified
2023-07-16 20:56:42,995 [INFO]: Continue Button Clicked
2023-07-16 20:56:42,995 [INFO]: Verifying Title
2023-07-16 20:56:43,007 [INFO]: Title Verified
2023-07-16 20:56:43,007 [INFO]: Clicking Logout Link
2023-07-16 20:56:43,007 [INFO]: Verifying Element in DOM
2023-07-16 20:56:44,252 [INFO]: Element Verified
2023-07-16 20:56:44,252 [INFO]: Logout Link Clicked
2023-07-16 20:56:44,252 [INFO]: Verifying Title
2023-07-16 20:56:44,258 [INFO]: Title Verified
2023-07-16 20:56:44,259 [INFO]: Clicking Login Link
2023-07-16 20:56:44,259 [INFO]: Verifying Element in DOM
2023-07-16 20:56:44,752 [INFO]: Element Verified
2023-07-16 20:56:44,752 [INFO]: Login Link Clicked
2023-07-16 20:56:44,752 [INFO]: Verifying Title
2023-07-16 20:56:44,757 [INFO]: Title Verified
2023-07-16 20:56:44,757 [INFO]: Entering Email
2023-07-16 20:56:44,757 [INFO]: Verifying Element in DOM
2023-07-16 20:56:44,844 [INFO]: Element Verified
2023-07-16 20:56:44,844 [INFO]: Email Entered
2023-07-16 20:56:44,844 [INFO]: Entering Password
2023-07-16 20:56:44,844 [INFO]: Verifying Element in DOM
2023-07-16 20:56:44,934 [INFO]: Element Verified
2023-07-16 20:56:44,934 [INFO]: Password Entered
2023-07-16 20:56:44,935 [INFO]: Clicking Login Button
2023-07-16 20:56:44,935 [INFO]: Verifying Element in DOM
2023-07-16 20:56:45,944 [INFO]: Element Verified
2023-07-16 20:56:45,944 [INFO]: Login Button Clicked
2023-07-16 20:56:45,944 [INFO]: Verifying Title
2023-07-16 20:56:45,957 [INFO]: Title Verified
2023-07-16 20:56:45,958 [INFO]: Clicking Logout Link
2023-07-16 20:56:45,958 [INFO]: Verifying Element in DOM
2023-07-16 20:56:47,500 [INFO]: Element Verified
2023-07-16 20:56:47,500 [INFO]: Logout Link Clicked
2023-07-16 20:56:47,501 [INFO]: Verifying Title
2023-07-16 20:56:47,518 [INFO]: Title Verified
2023-07-16 20:56:47,521 [INFO]: Closing Browser
2023-07-16 20:56:49,725 [INFO]: Browser Closed
2023-07-16 20:56:49,725 [INFO]: Launching Browser
2023-07-16 20:56:51,222 [INFO]: Browser Launched
2023-07-16 20:56:51,222 [INFO]: Maximizing Browser
2023-07-16 20:56:51,338 [INFO]: Browser Maximized
2023-07-16 20:56:51,349 [INFO]: Entering URL
2023-07-16 20:56:54,203 [INFO]: URL Entered
2023-07-16 20:56:54,206 [INFO]: Verifying Title
2023-07-16 20:56:54,223 [INFO]: Title Verified
2023-07-16 20:56:54,223 [INFO]: Clicking Login Link
2023-07-16 20:56:54,223 [INFO]: Verifying Element in DOM
2023-07-16 20:56:54,876 [INFO]: Element Verified
2023-07-16 20:56:54,876 [INFO]: Login Link Clicked
2023-07-16 20:56:54,877 [INFO]: Verifying Title
2023-07-16 20:56:54,882 [INFO]: Title Verified
2023-07-16 20:56:54,882 [INFO]: Entering Email
2023-07-16 20:56:54,882 [INFO]: Verifying Element in DOM
2023-07-16 20:56:55,001 [INFO]: Element Verified
2023-07-16 20:56:55,001 [INFO]: Email Entered
2023-07-16 20:56:55,001 [INFO]: Entering Password
2023-07-16 20:56:55,001 [INFO]: Verifying Element in DOM
2023-07-16 20:56:55,150 [INFO]: Element Verified
2023-07-16 20:56:55,150 [INFO]: Password Entered
2023-07-16 20:56:55,150 [INFO]: Clicking Login Button
2023-07-16 20:56:55,150 [INFO]: Verifying Element in DOM
2023-07-16 20:56:56,191 [INFO]: Element Verified
2023-07-16 20:56:56,191 [INFO]: Login Button Clicked
2023-07-16 20:56:56,191 [INFO]: Verifying Title
2023-07-16 20:56:56,202 [INFO]: Title Verified
2023-07-16 20:56:56,218 [INFO]: Mouse Horeing to the Specified Element
2023-07-16 20:56:56,512 [INFO]: Clicking Cell Phones
2023-07-16 20:56:56,512 [INFO]: Verifying Element in DOM
2023-07-16 20:56:57,297 [INFO]: Element Verified
2023-07-16 20:56:57,297 [INFO]: Cell Phones Clicked
2023-07-16 20:56:57,297 [INFO]: Verifying Title
2023-07-16 20:56:57,297 [INFO]: Title Verified
2023-07-16 20:56:57,297 [INFO]: Clicking Smartphones
2023-07-16 20:56:57,297 [INFO]: Verifying Element in DOM
2023-07-16 20:56:59,313 [INFO]: Element Verified
2023-07-16 20:56:59,314 [INFO]: Smartphones Clicked
2023-07-16 20:56:59,314 [INFO]: Verifying Title
2023-07-16 20:56:59,319 [INFO]: Title Verified
2023-07-16 20:56:59,319 [INFO]: Clearing Default Quantity
2023-07-16 20:56:59,319 [INFO]: Verifying Element in DOM
2023-07-16 20:56:59,402 [INFO]: Element Verified
2023-07-16 20:56:59,402 [INFO]: Entering Specified Quantity
2023-07-16 20:56:59,403 [INFO]: Verifying Element in DOM
2023-07-16 20:56:59,480 [INFO]: Element Verified
2023-07-16 20:56:59,480 [INFO]: Specified Quantity Entered
2023-07-16 20:56:59,480 [INFO]: Clicking Add to Cart Button
2023-07-16 20:56:59,480 [INFO]: Verifying Element in DOM
2023-07-16 20:56:59,565 [INFO]: Element Verified
2023-07-16 20:56:59,565 [INFO]: Add to Cart Button Clicked
2023-07-16 20:56:59,565 [INFO]: Verifying Message
2023-07-16 20:56:59,920 [INFO]: Message Verified
2023-07-16 20:56:59,920 [INFO]: Verifying Message
2023-07-16 20:56:59,945 [INFO]: Message Verified
2023-07-16 20:56:59,945 [INFO]: Clicking Shopping Cart Link
2023-07-16 20:56:59,945 [INFO]: Verifying Element in DOM
2023-07-16 20:57:00,640 [INFO]: Element Verified
2023-07-16 20:57:00,641 [INFO]: Shopping Cart Link Clicked
2023-07-16 20:57:00,641 [INFO]: Verifying Title
2023-07-16 20:57:00,660 [INFO]: Title Verified
2023-07-16 20:57:00,661 [INFO]: Clicking Terms and Conditions
2023-07-16 20:57:00,661 [INFO]: Verifying Element in DOM
2023-07-16 20:57:00,776 [INFO]: Element Verified
2023-07-16 20:57:00,777 [INFO]: Terms and Conditions Clicked
2023-07-16 20:57:00,777 [INFO]: Clicking Checkout Button
2023-07-16 20:57:00,778 [INFO]: Verifying Element in DOM
2023-07-16 20:57:02,070 [INFO]: Element Verified
2023-07-16 20:57:02,070 [INFO]: Checkout Button Clicked
2023-07-16 20:57:02,070 [INFO]: Verifying Title
2023-07-16 20:57:02,077 [INFO]: Title Verified
2023-07-16 20:57:02,077 [INFO]: Selecting Country from Drop-Down using Visible text
2023-07-16 20:57:02,154 [INFO]: Country Name Selected from Drop-Down
2023-07-16 20:57:02,158 [INFO]: Entering City Name
2023-07-16 20:57:02,158 [INFO]: Verifying Element in DOM
2023-07-16 20:57:02,261 [INFO]: Element Verified
2023-07-16 20:57:02,261 [INFO]: City Name Entered
2023-07-16 20:57:02,261 [INFO]: Entering Address1
2023-07-16 20:57:02,261 [INFO]: Verifying Element in DOM
2023-07-16 20:57:02,375 [INFO]: Element Verified
2023-07-16 20:57:02,375 [INFO]: Address1 Entered
2023-07-16 20:57:02,375 [INFO]: Entering Zip Code
2023-07-16 20:57:02,375 [INFO]: Verifying Element in DOM
2023-07-16 20:57:02,481 [INFO]: Element Verified
2023-07-16 20:57:02,481 [INFO]: Zip Code Entered
2023-07-16 20:57:02,481 [INFO]: Entering Phone Number
2023-07-16 20:57:02,481 [INFO]: Verifying Element in DOM
2023-07-16 20:57:02,602 [INFO]: Element Verified
2023-07-16 20:57:02,602 [INFO]: Phone Number Entered
2023-07-16 20:57:02,603 [INFO]: Clicking Continue Button
2023-07-16 20:57:02,603 [INFO]: Verifying Element in DOM
2023-07-16 20:57:02,697 [INFO]: Element Verified
2023-07-16 20:57:02,697 [INFO]: Continue Button Clicked
2023-07-16 20:57:02,697 [INFO]: Clicking Continue Button
2023-07-16 20:57:02,697 [INFO]: Verifying Element in DOM
2023-07-16 20:57:03,368 [INFO]: Element Verified
2023-07-16 20:57:03,368 [INFO]: Continue Button Clicked
2023-07-16 20:57:03,368 [INFO]: Clicking Nexy Day Air (0.00) Shipping Method
2023-07-16 20:57:03,369 [INFO]: Verifying Element in DOM
2023-07-16 20:57:03,736 [INFO]: Element Verified
2023-07-16 20:57:03,736 [INFO]: Nexy Day Air (0.00) Shipping Method Clicked
2023-07-16 20:57:03,736 [INFO]: Clicking Continue Button
2023-07-16 20:57:03,737 [INFO]: Verifying Element in DOM
2023-07-16 20:57:03,808 [INFO]: Element Verified
2023-07-16 20:57:03,808 [INFO]: Continue Button Clicked
2023-07-16 20:57:03,808 [INFO]: Clicking Credit Card
2023-07-16 20:57:03,808 [INFO]: Verifying Element in DOM
2023-07-16 20:57:04,146 [INFO]: Element Verified
2023-07-16 20:57:04,146 [INFO]: Credit Card Clicked
2023-07-16 20:57:04,146 [INFO]: Clicking Continue Button
2023-07-16 20:57:04,146 [INFO]: Verifying Element in DOM
2023-07-16 20:57:04,242 [INFO]: Element Verified
2023-07-16 20:57:04,242 [INFO]: Continue Button Clicked
2023-07-16 20:57:04,243 [INFO]: Selecting Mastercard from Drop-Down using Visible text
2023-07-16 20:57:04,631 [INFO]: Mastercard Selected from Drop-Down
2023-07-16 20:57:04,631 [INFO]: Entering Card Holder Name
2023-07-16 20:57:04,631 [INFO]: Verifying Element in DOM
2023-07-16 20:57:04,724 [INFO]: Element Verified
2023-07-16 20:57:04,724 [INFO]: Card Holder Name Entered
2023-07-16 20:57:04,724 [INFO]: Entering Card Number
2023-07-16 20:57:04,724 [INFO]: Verifying Element in DOM
2023-07-16 20:57:04,836 [INFO]: Element Verified
2023-07-16 20:57:04,836 [INFO]: Card Number Entered
2023-07-16 20:57:04,836 [INFO]: Selecting Expiry Month from Drop-Down using Visible text
2023-07-16 20:57:04,924 [INFO]: Expiry Month Selected from Drop-Down
2023-07-16 20:57:04,924 [INFO]: Selecting Expiry Year from Drop-Down using Visible text
2023-07-16 20:57:04,998 [INFO]: Expiry Year Selected from Drop-Down
2023-07-16 20:57:04,998 [INFO]: Entering Card Code
2023-07-16 20:57:04,998 [INFO]: Verifying Element in DOM
2023-07-16 20:57:05,117 [INFO]: Element Verified
2023-07-16 20:57:05,117 [INFO]: Card Code Entered
2023-07-16 20:57:05,117 [INFO]: Clicking Continue Button
2023-07-16 20:57:05,125 [INFO]: Verifying Element in DOM
2023-07-16 20:57:05,221 [INFO]: Element Verified
2023-07-16 20:57:05,222 [INFO]: Continue Button Clicked
2023-07-16 20:57:05,222 [INFO]: Clicking Confirm Button
2023-07-16 20:57:05,222 [INFO]: Verifying Element in DOM
2023-07-16 20:57:05,862 [INFO]: Element Verified
2023-07-16 20:57:05,862 [INFO]: Confirm Button Clicked
2023-07-16 20:57:05,863 [INFO]: Verifying Title
2023-07-16 20:57:05,870 [INFO]: Title Verified
2023-07-16 20:57:05,870 [INFO]: Verifying Message
2023-07-16 20:57:07,576 [INFO]: Message Verified
2023-07-16 20:57:07,588 [INFO]: Verifying Order Number
2023-07-16 20:57:07,600 [INFO]: Order Number Verified
2023-07-16 20:57:07,609 [INFO]: Clicking Logout Link
2023-07-16 20:57:07,624 [INFO]: Verifying Element in DOM
2023-07-16 20:57:08,817 [INFO]: Element Verified
2023-07-16 20:57:08,817 [INFO]: Logout Link Clicked
2023-07-16 20:57:08,817 [INFO]: Verifying Title
2023-07-16 20:57:08,823 [INFO]: Title Verified
2023-07-16 20:57:08,834 [INFO]: Closing Browser
2023-07-16 20:57:11,052 [INFO]: Browser Closed
2023-07-16 20:57:11,052 [INFO]: Launching Browser
2023-07-16 20:57:12,407 [INFO]: Browser Launched
2023-07-16 20:57:12,408 [INFO]: Maximizing Browser
2023-07-16 20:57:12,530 [INFO]: Browser Maximized
2023-07-16 20:57:12,532 [INFO]: Entering URL
2023-07-16 20:57:15,546 [INFO]: URL Entered
2023-07-16 20:57:15,550 [INFO]: Verifying Title
2023-07-16 20:57:15,559 [INFO]: Title Verified
2023-07-16 20:57:15,559 [INFO]: Clicking Login Link
2023-07-16 20:57:15,559 [INFO]: Verifying Element in DOM
2023-07-16 20:57:16,183 [INFO]: Element Verified
2023-07-16 20:57:16,183 [INFO]: Login Link Clicked
2023-07-16 20:57:16,183 [INFO]: Verifying Title
2023-07-16 20:57:16,190 [INFO]: Title Verified
2023-07-16 20:57:16,191 [INFO]: Entering Email
2023-07-16 20:57:16,191 [INFO]: Verifying Element in DOM
2023-07-16 20:57:16,278 [INFO]: Element Verified
2023-07-16 20:57:16,278 [INFO]: Email Entered
2023-07-16 20:57:16,278 [INFO]: Entering Password
2023-07-16 20:57:16,278 [INFO]: Verifying Element in DOM
2023-07-16 20:57:16,382 [INFO]: Element Verified
2023-07-16 20:57:16,382 [INFO]: Password Entered
2023-07-16 20:57:16,382 [INFO]: Clicking Login Button
2023-07-16 20:57:16,382 [INFO]: Verifying Element in DOM
2023-07-16 20:57:17,381 [INFO]: Element Verified
2023-07-16 20:57:17,381 [INFO]: Login Button Clicked
2023-07-16 20:57:17,381 [INFO]: Verifying Title
2023-07-16 20:57:17,386 [INFO]: Title Verified
2023-07-16 20:57:17,417 [INFO]: Scrolling Down to Specified Element
2023-07-16 20:57:17,424 [INFO]: Clicking Orders Link
2023-07-16 20:57:17,424 [INFO]: Verifying Element in DOM
2023-07-16 20:57:17,944 [INFO]: Element Verified
2023-07-16 20:57:17,944 [INFO]: Orders Link Clicked
2023-07-16 20:57:17,944 [INFO]: Verifying Title
2023-07-16 20:57:17,951 [INFO]: Title Verified
2023-07-16 20:57:17,957 [INFO]: Selecting Specified Order Details
2023-07-16 20:57:18,710 [INFO]: Specified Order Selected
2023-07-16 20:57:18,710 [INFO]: Verifying Title
2023-07-16 20:57:18,717 [INFO]: Title Verified
2023-07-16 20:57:18,717 [INFO]: Clicking Download Invoice Button
2023-07-16 20:57:18,717 [INFO]: Verifying Element in DOM
2023-07-16 20:57:19,379 [INFO]: Element Verified
2023-07-16 20:57:19,380 [INFO]: Download Invoice Button Clicked
2023-07-16 20:57:20,388 [INFO]: Verifying Download
2023-07-16 20:57:20,389 [INFO]: Download Verified
2023-07-16 20:57:20,390 [INFO]: Clicking Logout Link
2023-07-16 20:57:20,390 [INFO]: Verifying Element in DOM
2023-07-16 20:57:21,231 [INFO]: Element Verified
2023-07-16 20:57:21,231 [INFO]: Logout Link Clicked
2023-07-16 20:57:21,231 [INFO]: Verifying Title
2023-07-16 20:57:21,239 [INFO]: Title Verified
2023-07-16 20:57:21,245 [INFO]: Closing Browser
2023-07-16 20:57:24,988 [INFO]: Browser Closed
2023-07-16 20:57:24,988 [INFO]: Launching Browser
2023-07-16 20:57:26,263 [INFO]: Browser Launched
2023-07-16 20:57:26,263 [INFO]: Maximizing Browser
2023-07-16 20:57:26,379 [INFO]: Browser Maximized
2023-07-16 20:57:26,388 [INFO]: Entering URL
2023-07-16 20:57:29,133 [INFO]: URL Entered
2023-07-16 20:57:29,138 [INFO]: Verifying Title
2023-07-16 20:57:29,151 [INFO]: Title Verified
2023-07-16 20:57:29,151 [INFO]: Clicking Login Link
2023-07-16 20:57:29,151 [INFO]: Verifying Element in DOM
2023-07-16 20:57:29,696 [INFO]: Element Verified
2023-07-16 20:57:29,697 [INFO]: Login Link Clicked
2023-07-16 20:57:29,697 [INFO]: Verifying Title
2023-07-16 20:57:29,704 [INFO]: Title Verified
2023-07-16 20:57:29,704 [INFO]: Entering Email
2023-07-16 20:57:29,704 [INFO]: Verifying Element in DOM
2023-07-16 20:57:29,798 [INFO]: Element Verified
2023-07-16 20:57:29,798 [INFO]: Email Entered
2023-07-16 20:57:29,798 [INFO]: Entering Password
2023-07-16 20:57:29,799 [INFO]: Verifying Element in DOM
2023-07-16 20:57:29,899 [INFO]: Element Verified
2023-07-16 20:57:29,899 [INFO]: Password Entered
2023-07-16 20:57:29,899 [INFO]: Clicking Login Button
2023-07-16 20:57:29,899 [INFO]: Verifying Element in DOM
2023-07-16 20:57:30,682 [INFO]: Element Verified
2023-07-16 20:57:30,683 [INFO]: Login Button Clicked
2023-07-16 20:57:30,683 [INFO]: Verifying Title
2023-07-16 20:57:30,692 [INFO]: Title Verified
2023-07-16 20:57:30,718 [INFO]: Scrolling Down to Specified Element
2023-07-16 20:57:30,725 [INFO]: Clicking Orders Link
2023-07-16 20:57:30,725 [INFO]: Verifying Element in DOM
2023-07-16 20:57:31,226 [INFO]: Element Verified
2023-07-16 20:57:31,227 [INFO]: Orders Link Clicked
2023-07-16 20:57:31,227 [INFO]: Verifying Title
2023-07-16 20:57:31,232 [INFO]: Title Verified
2023-07-16 20:57:31,232 [INFO]: Selecting Specified Order Details
2023-07-16 20:57:31,766 [INFO]: Specified Order Selected
2023-07-16 20:57:31,766 [INFO]: Verifying Title
2023-07-16 20:57:31,773 [INFO]: Title Verified
2023-07-16 20:57:31,773 [INFO]: Clicking Smartphone
2023-07-16 20:57:31,773 [INFO]: Verifying Element in DOM
2023-07-16 20:57:33,829 [INFO]: Element Verified
2023-07-16 20:57:33,830 [INFO]: Smartphone Clicked
2023-07-16 20:57:33,831 [INFO]: Verifying Title
2023-07-16 20:57:33,846 [INFO]: Title Verified
2023-07-16 20:57:33,846 [INFO]: Clicking Add Review Link
2023-07-16 20:57:33,846 [INFO]: Verifying Element in DOM
2023-07-16 20:57:39,655 [INFO]: Element Verified
2023-07-16 20:57:39,655 [INFO]: Add Review Link Clicked
2023-07-16 20:57:39,655 [INFO]: Verifying Title
2023-07-16 20:57:39,660 [INFO]: Title Verified
2023-07-16 20:57:39,660 [INFO]: Entering Review Title
2023-07-16 20:57:39,660 [INFO]: Verifying Element in DOM
2023-07-16 20:57:39,820 [INFO]: Element Verified
2023-07-16 20:57:39,820 [INFO]: Review Title Entered
2023-07-16 20:57:39,820 [INFO]: Entering Review Text
2023-07-16 20:57:39,820 [INFO]: Verifying Element in DOM
2023-07-16 20:57:39,985 [INFO]: Element Verified
2023-07-16 20:57:39,985 [INFO]: Review Text Entered
2023-07-16 20:57:39,985 [INFO]: Clicking Specified Rating
2023-07-16 20:57:40,061 [INFO]: Specified Rating Clicked
2023-07-16 20:57:40,061 [INFO]: Clicking Submit Review Button
2023-07-16 20:57:40,061 [INFO]: Verifying Element in DOM
2023-07-16 20:57:45,729 [INFO]: Element Verified
2023-07-16 20:57:45,729 [INFO]: Submit Review Button Clicked
2023-07-16 20:57:45,729 [INFO]: Verifying Title
2023-07-16 20:57:45,736 [INFO]: Title Verified
2023-07-16 20:57:45,797 [INFO]: Verifying Added Review
2023-07-16 20:57:45,797 [INFO]: Verifying Message
2023-07-16 20:57:45,842 [INFO]: Message Verified
2023-07-16 20:57:45,842 [INFO]: Added Review Verified
2023-07-16 20:57:45,842 [INFO]: Clicking Logout Link
2023-07-16 20:57:45,842 [INFO]: Verifying Element in DOM
2023-07-16 20:57:46,931 [INFO]: Element Verified
2023-07-16 20:57:46,932 [INFO]: Logout Link Clicked
2023-07-16 20:57:46,932 [INFO]: Verifying Title
2023-07-16 20:57:46,939 [INFO]: Title Verified
2023-07-16 20:57:46,944 [INFO]: Closing Browser
2023-07-16 20:57:49,116 [INFO]: Browser Closed
2023-07-16 20:57:49,116 [INFO]: Launching Browser
2023-07-16 20:57:50,434 [INFO]: Browser Launched
2023-07-16 20:57:50,435 [INFO]: Maximizing Browser
2023-07-16 20:57:50,546 [INFO]: Browser Maximized
2023-07-16 20:57:50,546 [INFO]: Entering URL
2023-07-16 20:57:53,296 [INFO]: URL Entered
2023-07-16 20:57:53,302 [INFO]: Verifying Title
2023-07-16 20:57:53,313 [INFO]: Title Verified
2023-07-16 20:57:53,313 [INFO]: Clicking Login Link
2023-07-16 20:57:53,314 [INFO]: Verifying Element in DOM
2023-07-16 20:57:53,873 [INFO]: Element Verified
2023-07-16 20:57:53,873 [INFO]: Login Link Clicked
2023-07-16 20:57:53,873 [INFO]: Verifying Title
2023-07-16 20:57:53,878 [INFO]: Title Verified
2023-07-16 20:57:53,878 [INFO]: Entering Email
2023-07-16 20:57:53,878 [INFO]: Verifying Element in DOM
2023-07-16 20:57:53,974 [INFO]: Element Verified
2023-07-16 20:57:53,974 [INFO]: Email Entered
2023-07-16 20:57:53,974 [INFO]: Entering Password
2023-07-16 20:57:53,974 [INFO]: Verifying Element in DOM
2023-07-16 20:57:54,073 [INFO]: Element Verified
2023-07-16 20:57:54,073 [INFO]: Password Entered
2023-07-16 20:57:54,073 [INFO]: Clicking Login Button
2023-07-16 20:57:54,073 [INFO]: Verifying Element in DOM
2023-07-16 20:57:54,842 [INFO]: Element Verified
2023-07-16 20:57:54,842 [INFO]: Login Button Clicked
2023-07-16 20:57:54,842 [INFO]: Verifying Title
2023-07-16 20:57:54,846 [INFO]: Title Verified
2023-07-16 20:57:54,887 [INFO]: Clicking Contact Us Link
2023-07-16 20:57:54,887 [INFO]: Verifying Element in DOM
2023-07-16 20:57:55,386 [INFO]: Element Verified
2023-07-16 20:57:55,386 [INFO]: Contact Us Link Clicked
2023-07-16 20:57:55,386 [INFO]: Verifying Title
2023-07-16 20:57:55,392 [INFO]: Title Verified
2023-07-16 20:57:55,392 [INFO]: Verifying Name in the Name Textfield
2023-07-16 20:57:55,405 [INFO]: Name Verified
2023-07-16 20:57:55,405 [INFO]: Verifying Email in the Email Textfield
2023-07-16 20:57:55,439 [INFO]: Email Verified
2023-07-16 20:57:55,439 [INFO]: Entering Enquiry
2023-07-16 20:57:55,439 [INFO]: Verifying Element in DOM
2023-07-16 20:57:55,584 [INFO]: Element Verified
2023-07-16 20:57:55,584 [INFO]: Enquiry Entered
2023-07-16 20:57:55,584 [INFO]: Clicking Submit Button
2023-07-16 20:57:55,584 [INFO]: Verifying Element in DOM
2023-07-16 20:57:56,103 [INFO]: Element Verified
2023-07-16 20:57:56,103 [INFO]: Submit Button Clicked
2023-07-16 20:57:56,103 [INFO]: Verifying Title
2023-07-16 20:57:56,109 [INFO]: Title Verified
2023-07-16 20:57:56,109 [INFO]: Verifying Message
2023-07-16 20:57:56,131 [INFO]: Message Verified
2023-07-16 20:57:56,131 [INFO]: Clicking Logout Link
2023-07-16 20:57:56,131 [INFO]: Verifying Element in DOM
2023-07-16 20:57:57,011 [INFO]: Element Verified
2023-07-16 20:57:57,011 [INFO]: Logout Link Clicked
2023-07-16 20:57:57,011 [INFO]: Verifying Title
2023-07-16 20:57:57,021 [INFO]: Title Verified
2023-07-16 20:57:57,025 [INFO]: Closing Browser
2023-07-16 20:57:59,179 [INFO]: Browser Closed
