2023-09-24 22:33:52,632 [INFO]: 
2023-09-24 22:33:52,632 [ERROR]: 
2023-09-24 22:33:52,733 [INFO]: Reading Data From Excel
2023-09-24 22:33:52,742 [INFO]: Reading Data From Excel
2023-09-24 22:33:52,750 [INFO]: Reading Data From Excel
2023-09-24 22:33:52,754 [INFO]: Reading Data From Excel
2023-09-24 22:33:52,759 [INFO]: Reading Data From Excel
2023-09-24 22:33:52,763 [INFO]: Reading Data From Excel
2023-09-24 22:33:52,774 [INFO]: Reading Data From Excel
2023-09-24 22:33:52,783 [INFO]: Reading Data From Excel
2023-09-24 22:33:52,793 [INFO]: Reading Data From Excel
2023-09-24 22:33:52,801 [INFO]: Reading Data From Excel
2023-09-24 22:33:52,804 [INFO]: Reading Data From Excel
2023-09-24 22:33:52,807 [INFO]: Reading Data From Excel
2023-09-24 22:33:52,817 [INFO]: Reading Data From Excel
2023-09-24 22:33:52,828 [INFO]: Reading Data From Excel
2023-09-24 22:33:52,832 [INFO]: Reading Data From Excel
2023-09-24 22:33:52,835 [INFO]: Reading Data From Excel
2023-09-24 22:33:52,839 [INFO]: Reading Data From Excel
2023-09-24 22:33:52,849 [INFO]: Reading Data From Excel
2023-09-24 22:33:52,852 [INFO]: Reading Data From Excel
2023-09-24 22:33:52,856 [INFO]: Reading Data From Excel
2023-09-24 22:33:52,859 [INFO]: Reading Data From Excel
2023-09-24 22:33:52,870 [INFO]: Reading Data From Excel
2023-09-24 22:33:52,874 [INFO]: Reading Data From Excel
2023-09-24 22:33:52,877 [INFO]: Reading Data From Excel
2023-09-24 22:33:52,881 [INFO]: Reading Data From Excel
2023-09-24 22:33:52,884 [INFO]: Launching Browser
2023-09-24 22:33:54,276 [INFO]: Browser Launched
2023-09-24 22:33:54,276 [INFO]: Maximizing Browser
2023-09-24 22:33:54,407 [INFO]: Browser Maximized
2023-09-24 22:33:54,412 [INFO]: Entering URL
2023-09-24 22:33:57,309 [INFO]: URL Entered
2023-09-24 22:33:57,310 [INFO]: Verifying Title
2023-09-24 22:33:57,326 [INFO]: Title Verified
2023-09-24 22:33:57,326 [INFO]: Clicking Register Link
2023-09-24 22:33:57,326 [INFO]: Verifying Element in DOM
2023-09-24 22:33:57,942 [INFO]: Element Verified
2023-09-24 22:33:57,942 [INFO]: Register Link Clicked
2023-09-24 22:33:57,942 [INFO]: Verifying Title
2023-09-24 22:33:57,948 [INFO]: Title Verified
2023-09-24 22:33:57,948 [INFO]: Clicking Specified Gender
2023-09-24 22:33:58,020 [INFO]: Specified Gender Clicked
2023-09-24 22:33:58,020 [INFO]: Entering First Name
2023-09-24 22:33:58,020 [INFO]: Verifying Element in DOM
2023-09-24 22:33:58,198 [INFO]: Element Verified
2023-09-24 22:33:58,198 [INFO]: First Name Entered
2023-09-24 22:33:58,198 [INFO]: Entering Last Name
2023-09-24 22:33:58,199 [INFO]: Verifying Element in DOM
2023-09-24 22:33:58,339 [INFO]: Element Verified
2023-09-24 22:33:58,340 [INFO]: Last Name Entered
2023-09-24 22:33:58,340 [INFO]: Entering Email
2023-09-24 22:33:58,340 [INFO]: Verifying Element in DOM
2023-09-24 22:33:58,450 [INFO]: Element Verified
2023-09-24 22:33:58,450 [INFO]: Email Entered
2023-09-24 22:33:58,450 [INFO]: Entering Password
2023-09-24 22:33:58,450 [INFO]: Verifying Element in DOM
2023-09-24 22:33:58,541 [INFO]: Element Verified
2023-09-24 22:33:58,541 [INFO]: Password Entered
2023-09-24 22:33:58,541 [INFO]: Entering Confirm Password
2023-09-24 22:33:58,541 [INFO]: Verifying Element in DOM
2023-09-24 22:33:58,624 [INFO]: Element Verified
2023-09-24 22:33:58,624 [INFO]: Confirm Password Entered
2023-09-24 22:33:58,624 [INFO]: Clicking Register Button
2023-09-24 22:33:58,624 [INFO]: Verifying Element in DOM
2023-09-24 22:33:59,598 [INFO]: Element Verified
2023-09-24 22:33:59,598 [INFO]: Register Button Clicked
2023-09-24 22:33:59,598 [INFO]: Verifying Message
2023-09-24 22:33:59,630 [INFO]: Message Verified
2023-09-24 22:33:59,630 [INFO]: Clicking Continue Button
2023-09-24 22:33:59,630 [INFO]: Verifying Element in DOM
2023-09-24 22:34:00,288 [INFO]: Element Verified
2023-09-24 22:34:00,288 [INFO]: Continue Button Clicked
2023-09-24 22:34:00,288 [INFO]: Verifying Title
2023-09-24 22:34:00,304 [INFO]: Title Verified
2023-09-24 22:34:00,305 [INFO]: Clicking Logout Link
2023-09-24 22:34:00,305 [INFO]: Verifying Element in DOM
2023-09-24 22:34:01,523 [INFO]: Element Verified
2023-09-24 22:34:01,523 [INFO]: Logout Link Clicked
2023-09-24 22:34:01,524 [INFO]: Verifying Title
2023-09-24 22:34:01,538 [INFO]: Title Verified
2023-09-24 22:34:01,539 [INFO]: Clicking Login Link
2023-09-24 22:34:01,539 [INFO]: Verifying Element in DOM
2023-09-24 22:34:02,138 [INFO]: Element Verified
2023-09-24 22:34:02,138 [INFO]: Login Link Clicked
2023-09-24 22:34:02,138 [INFO]: Verifying Title
2023-09-24 22:34:02,200 [INFO]: Title Verified
2023-09-24 22:34:02,200 [INFO]: Entering Email
2023-09-24 22:34:02,200 [INFO]: Verifying Element in DOM
2023-09-24 22:34:02,357 [INFO]: Element Verified
2023-09-24 22:34:02,357 [INFO]: Email Entered
2023-09-24 22:34:02,357 [INFO]: Entering Password
2023-09-24 22:34:02,357 [INFO]: Verifying Element in DOM
2023-09-24 22:34:02,482 [INFO]: Element Verified
2023-09-24 22:34:02,482 [INFO]: Password Entered
2023-09-24 22:34:02,482 [INFO]: Clicking Login Button
2023-09-24 22:34:02,483 [INFO]: Verifying Element in DOM
2023-09-24 22:34:03,365 [INFO]: Element Verified
2023-09-24 22:34:03,365 [INFO]: Login Button Clicked
2023-09-24 22:34:03,365 [INFO]: Verifying Title
2023-09-24 22:34:03,371 [INFO]: Title Verified
2023-09-24 22:34:03,371 [INFO]: Clicking Logout Link
2023-09-24 22:34:03,371 [INFO]: Verifying Element in DOM
2023-09-24 22:34:04,852 [INFO]: Element Verified
2023-09-24 22:34:04,852 [INFO]: Logout Link Clicked
2023-09-24 22:34:04,852 [INFO]: Verifying Title
2023-09-24 22:34:04,857 [INFO]: Title Verified
2023-09-24 22:34:04,860 [INFO]: Closing Browser
2023-09-24 22:34:07,032 [INFO]: Browser Closed
2023-09-24 22:34:07,036 [INFO]: Launching Browser
2023-09-24 22:34:08,301 [INFO]: Browser Launched
2023-09-24 22:34:08,301 [INFO]: Maximizing Browser
2023-09-24 22:34:08,430 [INFO]: Browser Maximized
2023-09-24 22:34:08,431 [INFO]: Entering URL
2023-09-24 22:34:11,132 [INFO]: URL Entered
2023-09-24 22:34:11,133 [INFO]: Verifying Title
2023-09-24 22:34:11,142 [INFO]: Title Verified
2023-09-24 22:34:11,143 [INFO]: Clicking Login Link
2023-09-24 22:34:11,143 [INFO]: Verifying Element in DOM
2023-09-24 22:34:11,686 [INFO]: Element Verified
2023-09-24 22:34:11,686 [INFO]: Login Link Clicked
2023-09-24 22:34:11,687 [INFO]: Verifying Title
2023-09-24 22:34:11,697 [INFO]: Title Verified
2023-09-24 22:34:11,697 [INFO]: Entering Email
2023-09-24 22:34:11,697 [INFO]: Verifying Element in DOM
2023-09-24 22:34:11,790 [INFO]: Element Verified
2023-09-24 22:34:11,790 [INFO]: Email Entered
2023-09-24 22:34:11,790 [INFO]: Entering Password
2023-09-24 22:34:11,790 [INFO]: Verifying Element in DOM
2023-09-24 22:34:11,904 [INFO]: Element Verified
2023-09-24 22:34:11,904 [INFO]: Password Entered
2023-09-24 22:34:11,904 [INFO]: Clicking Login Button
2023-09-24 22:34:11,904 [INFO]: Verifying Element in DOM
2023-09-24 22:34:12,829 [INFO]: Element Verified
2023-09-24 22:34:12,829 [INFO]: Login Button Clicked
2023-09-24 22:34:12,829 [INFO]: Verifying Title
2023-09-24 22:34:12,835 [INFO]: Title Verified
2023-09-24 22:34:12,853 [INFO]: Mouse Horeing to the Specified Element
2023-09-24 22:34:13,138 [INFO]: Clicking Cell Phones
2023-09-24 22:34:13,138 [INFO]: Verifying Element in DOM
2023-09-24 22:34:13,912 [INFO]: Element Verified
2023-09-24 22:34:13,912 [INFO]: Cell Phones Clicked
2023-09-24 22:34:13,912 [INFO]: Verifying Title
2023-09-24 22:34:13,918 [INFO]: Title Verified
2023-09-24 22:34:13,918 [INFO]: Clicking Smartphones
2023-09-24 22:34:13,919 [INFO]: Verifying Element in DOM
2023-09-24 22:34:15,897 [INFO]: Element Verified
2023-09-24 22:34:15,897 [INFO]: Smartphones Clicked
2023-09-24 22:34:15,897 [INFO]: Verifying Title
2023-09-24 22:34:15,909 [INFO]: Title Verified
2023-09-24 22:34:15,909 [INFO]: Clearing Default Quantity
2023-09-24 22:34:15,909 [INFO]: Verifying Element in DOM
2023-09-24 22:34:16,020 [INFO]: Element Verified
2023-09-24 22:34:16,021 [INFO]: Entering Specified Quantity
2023-09-24 22:34:16,021 [INFO]: Verifying Element in DOM
2023-09-24 22:34:16,079 [INFO]: Element Verified
2023-09-24 22:34:16,079 [INFO]: Specified Quantity Entered
2023-09-24 22:34:16,079 [INFO]: Clicking Add to Cart Button
2023-09-24 22:34:16,079 [INFO]: Verifying Element in DOM
2023-09-24 22:34:16,154 [INFO]: Element Verified
2023-09-24 22:34:16,154 [INFO]: Add to Cart Button Clicked
2023-09-24 22:34:16,154 [INFO]: Verifying Message
2023-09-24 22:34:16,552 [INFO]: Message Verified
2023-09-24 22:34:16,552 [INFO]: Verifying Message
2023-09-24 22:34:16,579 [INFO]: Message Verified
2023-09-24 22:34:16,579 [INFO]: Clicking Shopping Cart Link
2023-09-24 22:34:16,579 [INFO]: Verifying Element in DOM
2023-09-24 22:34:17,391 [INFO]: Element Verified
2023-09-24 22:34:17,392 [INFO]: Shopping Cart Link Clicked
2023-09-24 22:34:17,392 [INFO]: Verifying Title
2023-09-24 22:34:17,404 [INFO]: Title Verified
2023-09-24 22:34:17,404 [INFO]: Clicking Terms and Conditions
2023-09-24 22:34:17,405 [INFO]: Verifying Element in DOM
2023-09-24 22:34:17,477 [INFO]: Element Verified
2023-09-24 22:34:17,478 [INFO]: Terms and Conditions Clicked
2023-09-24 22:34:17,478 [INFO]: Clicking Checkout Button
2023-09-24 22:34:17,478 [INFO]: Verifying Element in DOM
2023-09-24 22:34:18,917 [INFO]: Element Verified
2023-09-24 22:34:18,918 [INFO]: Checkout Button Clicked
2023-09-24 22:34:18,918 [INFO]: Verifying Title
2023-09-24 22:34:18,928 [INFO]: Title Verified
2023-09-24 22:34:18,928 [INFO]: Selecting Country from Drop-Down using Visible text
2023-09-24 22:34:19,034 [INFO]: Country Name Selected from Drop-Down
2023-09-24 22:34:19,034 [INFO]: Entering City Name
2023-09-24 22:34:19,035 [INFO]: Verifying Element in DOM
2023-09-24 22:34:19,130 [INFO]: Element Verified
2023-09-24 22:34:19,131 [INFO]: City Name Entered
2023-09-24 22:34:19,131 [INFO]: Entering Address1
2023-09-24 22:34:19,131 [INFO]: Verifying Element in DOM
2023-09-24 22:34:19,241 [INFO]: Element Verified
2023-09-24 22:34:19,241 [INFO]: Address1 Entered
2023-09-24 22:34:19,242 [INFO]: Entering Zip Code
2023-09-24 22:34:19,242 [INFO]: Verifying Element in DOM
2023-09-24 22:34:19,332 [INFO]: Element Verified
2023-09-24 22:34:19,332 [INFO]: Zip Code Entered
2023-09-24 22:34:19,332 [INFO]: Entering Phone Number
2023-09-24 22:34:19,333 [INFO]: Verifying Element in DOM
2023-09-24 22:34:19,426 [INFO]: Element Verified
2023-09-24 22:34:19,426 [INFO]: Phone Number Entered
2023-09-24 22:34:19,426 [INFO]: Clicking Continue Button
2023-09-24 22:34:19,427 [INFO]: Verifying Element in DOM
2023-09-24 22:34:19,500 [INFO]: Element Verified
2023-09-24 22:34:19,501 [INFO]: Continue Button Clicked
2023-09-24 22:34:19,501 [INFO]: Clicking Continue Button
2023-09-24 22:34:19,501 [INFO]: Verifying Element in DOM
2023-09-24 22:34:20,662 [INFO]: Element Verified
2023-09-24 22:34:20,662 [INFO]: Continue Button Clicked
2023-09-24 22:34:20,663 [INFO]: Clicking Nexy Day Air (0.00) Shipping Method
2023-09-24 22:34:20,663 [INFO]: Verifying Element in DOM
2023-09-24 22:34:21,202 [INFO]: Element Verified
2023-09-24 22:34:21,203 [INFO]: Nexy Day Air (0.00) Shipping Method Clicked
2023-09-24 22:34:21,203 [INFO]: Clicking Continue Button
2023-09-24 22:34:21,203 [INFO]: Verifying Element in DOM
2023-09-24 22:34:21,282 [INFO]: Element Verified
2023-09-24 22:34:21,282 [INFO]: Continue Button Clicked
2023-09-24 22:34:21,282 [INFO]: Clicking Credit Card
2023-09-24 22:34:21,282 [INFO]: Verifying Element in DOM
2023-09-24 22:34:21,633 [INFO]: Element Verified
2023-09-24 22:34:21,633 [INFO]: Credit Card Clicked
2023-09-24 22:34:21,633 [INFO]: Clicking Continue Button
2023-09-24 22:34:21,634 [INFO]: Verifying Element in DOM
2023-09-24 22:34:21,705 [INFO]: Element Verified
2023-09-24 22:34:21,705 [INFO]: Continue Button Clicked
2023-09-24 22:34:21,705 [INFO]: Selecting Mastercard from Drop-Down using Visible text
2023-09-24 22:34:22,121 [INFO]: Mastercard Selected from Drop-Down
2023-09-24 22:34:22,121 [INFO]: Entering Card Holder Name
2023-09-24 22:34:22,122 [INFO]: Verifying Element in DOM
2023-09-24 22:34:22,285 [INFO]: Element Verified
2023-09-24 22:34:22,285 [INFO]: Card Holder Name Entered
2023-09-24 22:34:22,285 [INFO]: Entering Card Number
2023-09-24 22:34:22,286 [INFO]: Verifying Element in DOM
2023-09-24 22:34:22,450 [INFO]: Element Verified
2023-09-24 22:34:22,450 [INFO]: Card Number Entered
2023-09-24 22:34:22,450 [INFO]: Selecting Expiry Month from Drop-Down using Visible text
2023-09-24 22:34:22,590 [INFO]: Expiry Month Selected from Drop-Down
2023-09-24 22:34:22,591 [INFO]: Selecting Expiry Year from Drop-Down using Visible text
2023-09-24 22:34:22,731 [INFO]: Expiry Year Selected from Drop-Down
2023-09-24 22:34:22,731 [INFO]: Entering Card Code
2023-09-24 22:34:22,732 [INFO]: Verifying Element in DOM
2023-09-24 22:34:22,880 [INFO]: Element Verified
2023-09-24 22:34:22,881 [INFO]: Card Code Entered
2023-09-24 22:34:22,881 [INFO]: Clicking Continue Button
2023-09-24 22:34:22,881 [INFO]: Verifying Element in DOM
2023-09-24 22:34:22,996 [INFO]: Element Verified
2023-09-24 22:34:22,996 [INFO]: Continue Button Clicked
2023-09-24 22:34:22,996 [INFO]: Clicking Confirm Button
2023-09-24 22:34:22,997 [INFO]: Verifying Element in DOM
2023-09-24 22:34:23,612 [INFO]: Element Verified
2023-09-24 22:34:23,612 [INFO]: Confirm Button Clicked
2023-09-24 22:34:23,612 [INFO]: Verifying Title
2023-09-24 22:34:23,616 [INFO]: Title Verified
2023-09-24 22:34:23,616 [INFO]: Verifying Message
2023-09-24 22:34:24,709 [INFO]: Message Verified
2023-09-24 22:34:24,725 [INFO]: Verifying Order Number
2023-09-24 22:34:24,736 [INFO]: Order Number Verified
2023-09-24 22:34:24,762 [INFO]: Clicking Logout Link
2023-09-24 22:34:24,762 [INFO]: Verifying Element in DOM
2023-09-24 22:34:25,799 [INFO]: Element Verified
2023-09-24 22:34:25,799 [INFO]: Logout Link Clicked
2023-09-24 22:34:25,800 [INFO]: Verifying Title
2023-09-24 22:34:25,810 [INFO]: Title Verified
2023-09-24 22:34:25,811 [INFO]: Closing Browser
2023-09-24 22:34:28,083 [INFO]: Browser Closed
2023-09-24 22:34:28,092 [INFO]: Launching Browser
2023-09-24 22:34:29,500 [INFO]: Browser Launched
2023-09-24 22:34:29,500 [INFO]: Maximizing Browser
2023-09-24 22:34:29,633 [INFO]: Browser Maximized
2023-09-24 22:34:29,638 [INFO]: Entering URL
2023-09-24 22:34:32,517 [INFO]: URL Entered
2023-09-24 22:34:32,519 [INFO]: Verifying Title
2023-09-24 22:34:32,528 [INFO]: Title Verified
2023-09-24 22:34:32,528 [INFO]: Clicking Login Link
2023-09-24 22:34:32,528 [INFO]: Verifying Element in DOM
2023-09-24 22:34:33,098 [INFO]: Element Verified
2023-09-24 22:34:33,099 [INFO]: Login Link Clicked
2023-09-24 22:34:33,099 [INFO]: Verifying Title
2023-09-24 22:34:33,108 [INFO]: Title Verified
2023-09-24 22:34:33,108 [INFO]: Entering Email
2023-09-24 22:34:33,108 [INFO]: Verifying Element in DOM
2023-09-24 22:34:33,202 [INFO]: Element Verified
2023-09-24 22:34:33,202 [INFO]: Email Entered
2023-09-24 22:34:33,202 [INFO]: Entering Password
2023-09-24 22:34:33,202 [INFO]: Verifying Element in DOM
2023-09-24 22:34:33,298 [INFO]: Element Verified
2023-09-24 22:34:33,298 [INFO]: Password Entered
2023-09-24 22:34:33,298 [INFO]: Clicking Login Button
2023-09-24 22:34:33,298 [INFO]: Verifying Element in DOM
2023-09-24 22:34:34,168 [INFO]: Element Verified
2023-09-24 22:34:34,168 [INFO]: Login Button Clicked
2023-09-24 22:34:34,168 [INFO]: Verifying Title
2023-09-24 22:34:34,179 [INFO]: Title Verified
2023-09-24 22:34:34,207 [INFO]: Scrolling Down to Specified Element
2023-09-24 22:34:34,211 [INFO]: Clicking Orders Link
2023-09-24 22:34:34,212 [INFO]: Verifying Element in DOM
2023-09-24 22:34:34,707 [INFO]: Element Verified
2023-09-24 22:34:34,707 [INFO]: Orders Link Clicked
2023-09-24 22:34:34,707 [INFO]: Verifying Title
2023-09-24 22:34:34,713 [INFO]: Title Verified
2023-09-24 22:34:34,718 [INFO]: Selecting Specified Order Details
2023-09-24 22:34:35,399 [INFO]: Specified Order Selected
2023-09-24 22:34:35,399 [INFO]: Verifying Title
2023-09-24 22:34:35,406 [INFO]: Title Verified
2023-09-24 22:34:35,406 [INFO]: Clicking Download Invoice Button
2023-09-24 22:34:35,406 [INFO]: Verifying Element in DOM
2023-09-24 22:34:35,962 [INFO]: Element Verified
2023-09-24 22:34:35,962 [INFO]: Download Invoice Button Clicked
2023-09-24 22:34:36,977 [INFO]: Verifying Download
2023-09-24 22:34:36,978 [INFO]: Download Verified
2023-09-24 22:34:36,979 [INFO]: Clicking Logout Link
2023-09-24 22:34:36,979 [INFO]: Verifying Element in DOM
2023-09-24 22:34:37,800 [INFO]: Element Verified
2023-09-24 22:34:37,801 [INFO]: Logout Link Clicked
2023-09-24 22:34:37,801 [INFO]: Verifying Title
2023-09-24 22:34:37,811 [INFO]: Title Verified
2023-09-24 22:34:37,812 [INFO]: Closing Browser
2023-09-24 22:34:40,147 [INFO]: Browser Closed
2023-09-24 22:34:40,151 [INFO]: Launching Browser
2023-09-24 22:34:41,465 [INFO]: Browser Launched
2023-09-24 22:34:41,465 [INFO]: Maximizing Browser
2023-09-24 22:34:41,597 [INFO]: Browser Maximized
2023-09-24 22:34:41,599 [INFO]: Entering URL
2023-09-24 22:34:44,001 [INFO]: URL Entered
2023-09-24 22:34:44,002 [INFO]: Verifying Title
2023-09-24 22:34:44,027 [INFO]: Title Verified
2023-09-24 22:34:44,028 [INFO]: Clicking Login Link
2023-09-24 22:34:44,029 [INFO]: Verifying Element in DOM
2023-09-24 22:34:44,609 [INFO]: Element Verified
2023-09-24 22:34:44,610 [INFO]: Login Link Clicked
2023-09-24 22:34:44,610 [INFO]: Verifying Title
2023-09-24 22:34:44,620 [INFO]: Title Verified
2023-09-24 22:34:44,620 [INFO]: Entering Email
2023-09-24 22:34:44,620 [INFO]: Verifying Element in DOM
2023-09-24 22:34:44,714 [INFO]: Element Verified
2023-09-24 22:34:44,714 [INFO]: Email Entered
2023-09-24 22:34:44,714 [INFO]: Entering Password
2023-09-24 22:34:44,715 [INFO]: Verifying Element in DOM
2023-09-24 22:34:44,812 [INFO]: Element Verified
2023-09-24 22:34:44,812 [INFO]: Password Entered
2023-09-24 22:34:44,812 [INFO]: Clicking Login Button
2023-09-24 22:34:44,812 [INFO]: Verifying Element in DOM
2023-09-24 22:34:45,620 [INFO]: Element Verified
2023-09-24 22:34:45,620 [INFO]: Login Button Clicked
2023-09-24 22:34:45,620 [INFO]: Verifying Title
2023-09-24 22:34:45,630 [INFO]: Title Verified
2023-09-24 22:34:45,661 [INFO]: Scrolling Down to Specified Element
2023-09-24 22:34:45,666 [INFO]: Clicking Orders Link
2023-09-24 22:34:45,666 [INFO]: Verifying Element in DOM
2023-09-24 22:34:46,195 [INFO]: Element Verified
2023-09-24 22:34:46,195 [INFO]: Orders Link Clicked
2023-09-24 22:34:46,195 [INFO]: Verifying Title
2023-09-24 22:34:46,207 [INFO]: Title Verified
2023-09-24 22:34:46,207 [INFO]: Selecting Specified Order Details
2023-09-24 22:34:46,841 [INFO]: Specified Order Selected
2023-09-24 22:34:46,841 [INFO]: Verifying Title
2023-09-24 22:34:46,848 [INFO]: Title Verified
2023-09-24 22:34:46,849 [INFO]: Clicking Smartphone
2023-09-24 22:34:46,849 [INFO]: Verifying Element in DOM
2023-09-24 22:34:48,327 [INFO]: Element Verified
2023-09-24 22:34:48,328 [INFO]: Smartphone Clicked
2023-09-24 22:34:48,328 [INFO]: Verifying Title
2023-09-24 22:34:48,339 [INFO]: Title Verified
2023-09-24 22:34:48,339 [INFO]: Clicking Add Review Link
2023-09-24 22:34:48,339 [INFO]: Verifying Element in DOM
2023-09-24 22:34:56,647 [INFO]: Element Verified
2023-09-24 22:34:56,648 [INFO]: Add Review Link Clicked
2023-09-24 22:34:56,648 [INFO]: Verifying Title
2023-09-24 22:34:56,654 [INFO]: Title Verified
2023-09-24 22:34:56,654 [INFO]: Entering Review Title
2023-09-24 22:34:56,654 [INFO]: Verifying Element in DOM
2023-09-24 22:34:56,837 [INFO]: Element Verified
2023-09-24 22:34:56,837 [INFO]: Review Title Entered
2023-09-24 22:34:56,837 [INFO]: Entering Review Text
2023-09-24 22:34:56,837 [INFO]: Verifying Element in DOM
2023-09-24 22:34:57,021 [INFO]: Element Verified
2023-09-24 22:34:57,021 [INFO]: Review Text Entered
2023-09-24 22:34:57,021 [INFO]: Clicking Specified Rating
2023-09-24 22:34:57,096 [INFO]: Specified Rating Clicked
2023-09-24 22:34:57,096 [INFO]: Clicking Submit Review Button
2023-09-24 22:34:57,096 [INFO]: Verifying Element in DOM
2023-09-24 22:35:06,086 [INFO]: Element Verified
2023-09-24 22:35:06,086 [INFO]: Submit Review Button Clicked
2023-09-24 22:35:06,086 [INFO]: Verifying Title
2023-09-24 22:35:06,092 [INFO]: Title Verified
2023-09-24 22:35:06,159 [INFO]: Verifying Added Review
2023-09-24 22:35:06,159 [INFO]: Verifying Message
2023-09-24 22:35:06,207 [INFO]: Message Verified
2023-09-24 22:35:06,207 [INFO]: Added Review Verified
2023-09-24 22:35:06,208 [INFO]: Clicking Logout Link
2023-09-24 22:35:06,208 [INFO]: Verifying Element in DOM
2023-09-24 22:35:07,376 [INFO]: Element Verified
2023-09-24 22:35:07,376 [INFO]: Logout Link Clicked
2023-09-24 22:35:07,377 [INFO]: Verifying Title
2023-09-24 22:35:07,385 [INFO]: Title Verified
2023-09-24 22:35:07,386 [INFO]: Closing Browser
2023-09-24 22:35:09,596 [INFO]: Browser Closed
2023-09-24 22:35:09,609 [INFO]: Launching Browser
2023-09-24 22:35:11,062 [INFO]: Browser Launched
2023-09-24 22:35:11,062 [INFO]: Maximizing Browser
2023-09-24 22:35:11,188 [INFO]: Browser Maximized
2023-09-24 22:35:11,190 [INFO]: Entering URL
2023-09-24 22:35:13,938 [INFO]: URL Entered
2023-09-24 22:35:13,940 [INFO]: Verifying Title
2023-09-24 22:35:13,950 [INFO]: Title Verified
2023-09-24 22:35:13,951 [INFO]: Clicking Login Link
2023-09-24 22:35:13,952 [INFO]: Verifying Element in DOM
2023-09-24 22:35:14,489 [INFO]: Element Verified
2023-09-24 22:35:14,489 [INFO]: Login Link Clicked
2023-09-24 22:35:14,489 [INFO]: Verifying Title
2023-09-24 22:35:14,502 [INFO]: Title Verified
2023-09-24 22:35:14,502 [INFO]: Entering Email
2023-09-24 22:35:14,502 [INFO]: Verifying Element in DOM
2023-09-24 22:35:14,592 [INFO]: Element Verified
2023-09-24 22:35:14,592 [INFO]: Email Entered
2023-09-24 22:35:14,592 [INFO]: Entering Password
2023-09-24 22:35:14,592 [INFO]: Verifying Element in DOM
2023-09-24 22:35:14,688 [INFO]: Element Verified
2023-09-24 22:35:14,688 [INFO]: Password Entered
2023-09-24 22:35:14,688 [INFO]: Clicking Login Button
2023-09-24 22:35:14,688 [INFO]: Verifying Element in DOM
2023-09-24 22:35:15,571 [INFO]: Element Verified
2023-09-24 22:35:15,572 [INFO]: Login Button Clicked
2023-09-24 22:35:15,572 [INFO]: Verifying Title
2023-09-24 22:35:15,582 [INFO]: Title Verified
2023-09-24 22:35:15,615 [INFO]: Clicking Contact Us Link
2023-09-24 22:35:15,615 [INFO]: Verifying Element in DOM
2023-09-24 22:35:16,157 [INFO]: Element Verified
2023-09-24 22:35:16,158 [INFO]: Contact Us Link Clicked
2023-09-24 22:35:16,158 [INFO]: Verifying Title
2023-09-24 22:35:16,162 [INFO]: Title Verified
2023-09-24 22:35:16,163 [INFO]: Verifying Name in the Name Textfield
2023-09-24 22:35:16,182 [INFO]: Name Verified
2023-09-24 22:35:16,182 [INFO]: Verifying Email in the Email Textfield
2023-09-24 22:35:16,201 [INFO]: Email Verified
2023-09-24 22:35:16,201 [INFO]: Entering Enquiry
2023-09-24 22:35:16,201 [INFO]: Verifying Element in DOM
2023-09-24 22:35:16,350 [INFO]: Element Verified
2023-09-24 22:35:16,351 [INFO]: Enquiry Entered
2023-09-24 22:35:16,351 [INFO]: Clicking Submit Button
2023-09-24 22:35:16,351 [INFO]: Verifying Element in DOM
2023-09-24 22:35:16,852 [INFO]: Element Verified
2023-09-24 22:35:16,853 [INFO]: Submit Button Clicked
2023-09-24 22:35:16,853 [INFO]: Verifying Title
2023-09-24 22:35:16,937 [INFO]: Title Verified
2023-09-24 22:35:16,938 [INFO]: Verifying Message
2023-09-24 22:35:16,965 [INFO]: Message Verified
2023-09-24 22:35:16,965 [INFO]: Clicking Logout Link
2023-09-24 22:35:16,965 [INFO]: Verifying Element in DOM
2023-09-24 22:35:17,736 [INFO]: Element Verified
2023-09-24 22:35:17,736 [INFO]: Logout Link Clicked
2023-09-24 22:35:17,736 [INFO]: Verifying Title
2023-09-24 22:35:17,741 [INFO]: Title Verified
2023-09-24 22:35:17,743 [INFO]: Closing Browser
2023-09-24 22:35:19,935 [INFO]: Browser Closed
